
/Users/radek/Downloads/MyParticle/target/bsom/MyParticle.elf:     file format elf32-littlearm

Sections:
Idx Name          Size      VMA       LMA       File off  Algn
  0 .module_info  00000018  000b4000  000b4000  00004000  2**0
                  CONTENTS, ALLOC, LOAD, READONLY, DATA
  1 .dynalib      00000004  000b4018  000b4018  00004018  2**2
                  CONTENTS, ALLOC, LOAD, READONLY, DATA
  2 .text         00000e34  000b401c  000b401c  0000401c  2**2
                  CONTENTS, ALLOC, LOAD, READONLY, CODE
  3 .note.gnu.build-id 00000024  000b4e50  000b4e50  00004e50  2**2
                  CONTENTS, ALLOC, LOAD, READONLY, DATA
  4 .backup       00000004  2003f400  000b4e74  0000f400  2**2
                  CONTENTS, ALLOC, LOAD, DATA
  5 .data         0000006c  2003e648  000b4e78  0001e648  2**2
                  CONTENTS, ALLOC, LOAD, DATA
  6 .bss          0000013c  2003e6b4  2003e6b4  0002e6b4  2**2
                  ALLOC
  7 .module_info_suffix 00000028  000b4ee4  000b4ee4  00024ee4  2**0
                  CONTENTS, ALLOC, LOAD, READONLY, DATA
  8 .module_info_crc 00000004  000b4f0c  000b4f0c  00024f0c  2**0
                  CONTENTS, ALLOC, LOAD, READONLY, DATA
  9 .debug_info   000c4bb1  00000000  00000000  00024f10  2**0
                  CONTENTS, READONLY, DEBUGGING, OCTETS
 10 .debug_abbrev 0000be35  00000000  00000000  000e9ac1  2**0
                  CONTENTS, READONLY, DEBUGGING, OCTETS
 11 .debug_loc    0002d0c5  00000000  00000000  000f58f6  2**0
                  CONTENTS, READONLY, DEBUGGING, OCTETS
 12 .debug_aranges 00001f70  00000000  00000000  001229bb  2**0
                  CONTENTS, READONLY, DEBUGGING, OCTETS
 13 .debug_ranges 000086f8  00000000  00000000  0012492b  2**0
                  CONTENTS, READONLY, DEBUGGING, OCTETS
 14 .debug_macro  0002f02c  00000000  00000000  0012d023  2**0
                  CONTENTS, READONLY, DEBUGGING, OCTETS
 15 .debug_line   0002a1a4  00000000  00000000  0015c04f  2**0
                  CONTENTS, READONLY, DEBUGGING, OCTETS
 16 .debug_str    0012b986  00000000  00000000  001861f3  2**0
                  CONTENTS, READONLY, DEBUGGING, OCTETS
 17 .debug_frame  00005858  00000000  00000000  002b1b7c  2**2
                  CONTENTS, READONLY, DEBUGGING, OCTETS

Disassembly of section .text:

000b401c <module_user_pre_init>:
   b401c:	4809      	ldr	r0, [pc, #36]	; (b4044 <module_user_pre_init+0x28>)
   b401e:	490a      	ldr	r1, [pc, #40]	; (b4048 <module_user_pre_init+0x2c>)
   b4020:	4288      	cmp	r0, r1
   b4022:	b508      	push	{r3, lr}
   b4024:	d005      	beq.n	b4032 <module_user_pre_init+0x16>
   b4026:	4a09      	ldr	r2, [pc, #36]	; (b404c <module_user_pre_init+0x30>)
   b4028:	4282      	cmp	r2, r0
   b402a:	d002      	beq.n	b4032 <module_user_pre_init+0x16>
   b402c:	1a12      	subs	r2, r2, r0
   b402e:	f000 fd61 	bl	b4af4 <memcpy>
   b4032:	4807      	ldr	r0, [pc, #28]	; (b4050 <module_user_pre_init+0x34>)
   b4034:	4a07      	ldr	r2, [pc, #28]	; (b4054 <module_user_pre_init+0x38>)
   b4036:	2100      	movs	r1, #0
   b4038:	1a12      	subs	r2, r2, r0
   b403a:	f000 fd69 	bl	b4b10 <memset>
   b403e:	4801      	ldr	r0, [pc, #4]	; (b4044 <module_user_pre_init+0x28>)
   b4040:	bd08      	pop	{r3, pc}
   b4042:	bf00      	nop
   b4044:	2003e648 	.word	0x2003e648
   b4048:	000b4e78 	.word	0x000b4e78
   b404c:	2003e6b4 	.word	0x2003e6b4
   b4050:	2003e6b4 	.word	0x2003e6b4
   b4054:	2003e7ed 	.word	0x2003e7ed

000b4058 <module_user_init>:
   b4058:	b570      	push	{r4, r5, r6, lr}
   b405a:	4e07      	ldr	r6, [pc, #28]	; (b4078 <module_user_init+0x20>)
   b405c:	4c07      	ldr	r4, [pc, #28]	; (b407c <module_user_init+0x24>)
   b405e:	f000 fccf 	bl	b4a00 <module_user_init_hook>
   b4062:	1ba4      	subs	r4, r4, r6
   b4064:	08a4      	lsrs	r4, r4, #2
   b4066:	2500      	movs	r5, #0
   b4068:	42ac      	cmp	r4, r5
   b406a:	d100      	bne.n	b406e <module_user_init+0x16>
   b406c:	bd70      	pop	{r4, r5, r6, pc}
   b406e:	f856 3b04 	ldr.w	r3, [r6], #4
   b4072:	4798      	blx	r3
   b4074:	3501      	adds	r5, #1
   b4076:	e7f7      	b.n	b4068 <module_user_init+0x10>
   b4078:	000b4e28 	.word	0x000b4e28
   b407c:	000b4e48 	.word	0x000b4e48

000b4080 <module_user_setup>:
   b4080:	f000 b813 	b.w	b40aa <setup>

000b4084 <module_user_loop>:
   b4084:	b508      	push	{r3, lr}
   b4086:	f000 f811 	bl	b40ac <loop>
   b408a:	e8bd 4008 	ldmia.w	sp!, {r3, lr}
   b408e:	f000 bc6f 	b.w	b4970 <_post_loop>

000b4092 <_Znaj>:
   b4092:	f000 b929 	b.w	b42e8 <malloc>

000b4096 <_ZdlPvj>:
   b4096:	f000 b92f 	b.w	b42f8 <free>

000b409a <__cxa_guard_acquire>:
   b409a:	7800      	ldrb	r0, [r0, #0]
   b409c:	fab0 f080 	clz	r0, r0
   b40a0:	0940      	lsrs	r0, r0, #5
   b40a2:	4770      	bx	lr

000b40a4 <__cxa_guard_release>:
   b40a4:	2301      	movs	r3, #1
   b40a6:	7003      	strb	r3, [r0, #0]
   b40a8:	4770      	bx	lr

000b40aa <setup>:
   b40aa:	4770      	bx	lr

000b40ac <loop>:
   b40ac:	4770      	bx	lr
	...

000b40b0 <os_mutex_recursive_create>:
DYNALIB_FN(13, hal_concurrent, os_mutex_destroy, int(os_mutex_t))
DYNALIB_FN(14, hal_concurrent, os_mutex_lock, int(os_mutex_t))
DYNALIB_FN(15, hal_concurrent, os_mutex_trylock, int(os_mutex_t))
DYNALIB_FN(16, hal_concurrent, os_mutex_unlock, int(os_mutex_t))

DYNALIB_FN(17, hal_concurrent, os_mutex_recursive_create, int(os_mutex_recursive_t*))
   b40b0:	b508      	push	{r3, lr}
   b40b2:	4b02      	ldr	r3, [pc, #8]	; (b40bc <os_mutex_recursive_create+0xc>)
   b40b4:	681b      	ldr	r3, [r3, #0]
   b40b6:	6c5b      	ldr	r3, [r3, #68]	; 0x44
   b40b8:	9301      	str	r3, [sp, #4]
   b40ba:	bd08      	pop	{r3, pc}
   b40bc:	00030248 	.word	0x00030248

000b40c0 <HAL_RNG_GetRandomNumber>:

DYNALIB_BEGIN(hal)

#if PLATFORM_ID > PLATFORM_GCC
DYNALIB_FN(0, hal, HAL_RNG_Configuration, void(void))
DYNALIB_FN(1, hal, HAL_RNG_GetRandomNumber, uint32_t(void))
   b40c0:	b508      	push	{r3, lr}
   b40c2:	4b02      	ldr	r3, [pc, #8]	; (b40cc <HAL_RNG_GetRandomNumber+0xc>)
   b40c4:	681b      	ldr	r3, [r3, #0]
   b40c6:	685b      	ldr	r3, [r3, #4]
   b40c8:	9301      	str	r3, [sp, #4]
   b40ca:	bd08      	pop	{r3, pc}
   b40cc:	00030218 	.word	0x00030218

000b40d0 <HAL_Timer_Get_Milli_Seconds>:
#endif // PLATFORM_ID > PLATFORM_GCC

DYNALIB_FN(BASE_IDX + 0, hal, HAL_Delay_Milliseconds, void(uint32_t))
DYNALIB_FN(BASE_IDX + 1, hal, HAL_Delay_Microseconds, void(uint32_t))
DYNALIB_FN(BASE_IDX + 2, hal, HAL_Timer_Get_Micro_Seconds, system_tick_t(void))
DYNALIB_FN(BASE_IDX + 3, hal, HAL_Timer_Get_Milli_Seconds, system_tick_t(void))
   b40d0:	b508      	push	{r3, lr}
   b40d2:	4b02      	ldr	r3, [pc, #8]	; (b40dc <HAL_Timer_Get_Milli_Seconds+0xc>)
   b40d4:	681b      	ldr	r3, [r3, #0]
   b40d6:	695b      	ldr	r3, [r3, #20]
   b40d8:	9301      	str	r3, [sp, #4]
   b40da:	bd08      	pop	{r3, pc}
   b40dc:	00030218 	.word	0x00030218

000b40e0 <inet_inet_ntop>:
DYNALIB_FN(0, hal_inet, inet_inet_addr, in_addr_t(const char*))
DYNALIB_FN(1, hal_inet, inet_inet_aton, int(const char*, struct in_addr*))
DYNALIB_FN(2, hal_inet, inet_inet_network, in_addr_t(const char*))
DYNALIB_FN(3, hal_inet, inet_inet_ntoa, char*(struct in_addr))
DYNALIB_FN(4, hal_inet, inet_inet_ntoa_r, char*(struct in_addr, char*, socklen_t))
DYNALIB_FN(5, hal_inet, inet_inet_ntop, const char*(int, const void*, char*, socklen_t))
   b40e0:	b508      	push	{r3, lr}
   b40e2:	4b02      	ldr	r3, [pc, #8]	; (b40ec <inet_inet_ntop+0xc>)
   b40e4:	681b      	ldr	r3, [r3, #0]
   b40e6:	695b      	ldr	r3, [r3, #20]
   b40e8:	9301      	str	r3, [sp, #4]
   b40ea:	bd08      	pop	{r3, pc}
   b40ec:	00030264 	.word	0x00030264

000b40f0 <netdb_freeaddrinfo>:

DYNALIB_BEGIN(hal_netdb)

DYNALIB_FN(0, hal_netdb, netdb_gethostbyname, struct hostent*(const char*))
DYNALIB_FN(1, hal_netdb, netdb_gethostbyname_r, int(const char*, struct hostent*, char*, size_t, struct hostent**, int*))
DYNALIB_FN(2, hal_netdb, netdb_freeaddrinfo, void(struct addrinfo*))
   b40f0:	b508      	push	{r3, lr}
   b40f2:	4b02      	ldr	r3, [pc, #8]	; (b40fc <netdb_freeaddrinfo+0xc>)
   b40f4:	681b      	ldr	r3, [r3, #0]
   b40f6:	689b      	ldr	r3, [r3, #8]
   b40f8:	9301      	str	r3, [sp, #4]
   b40fa:	bd08      	pop	{r3, pc}
   b40fc:	00030268 	.word	0x00030268

000b4100 <netdb_getaddrinfo>:
DYNALIB_FN(3, hal_netdb, netdb_getaddrinfo, int(const char*, const char*, const struct addrinfo*, struct addrinfo**))
   b4100:	b508      	push	{r3, lr}
   b4102:	4b02      	ldr	r3, [pc, #8]	; (b410c <netdb_getaddrinfo+0xc>)
   b4104:	681b      	ldr	r3, [r3, #0]
   b4106:	68db      	ldr	r3, [r3, #12]
   b4108:	9301      	str	r3, [sp, #4]
   b410a:	bd08      	pop	{r3, pc}
   b410c:	00030268 	.word	0x00030268

000b4110 <hal_usart_write>:
#endif

DYNALIB_FN(BASE_IDX + 0, hal_usart, hal_usart_init, void(hal_usart_interface_t, hal_usart_ring_buffer_t*, hal_usart_ring_buffer_t*))
DYNALIB_FN(BASE_IDX + 1, hal_usart, hal_usart_begin, void(hal_usart_interface_t, uint32_t))
DYNALIB_FN(BASE_IDX + 2, hal_usart, hal_usart_end, void(hal_usart_interface_t))
DYNALIB_FN(BASE_IDX + 3, hal_usart, hal_usart_write, uint32_t(hal_usart_interface_t, uint8_t))
   b4110:	b508      	push	{r3, lr}
   b4112:	4b02      	ldr	r3, [pc, #8]	; (b411c <hal_usart_write+0xc>)
   b4114:	681b      	ldr	r3, [r3, #0]
   b4116:	68db      	ldr	r3, [r3, #12]
   b4118:	9301      	str	r3, [sp, #4]
   b411a:	bd08      	pop	{r3, pc}
   b411c:	0003023c 	.word	0x0003023c

000b4120 <hal_usart_available>:
DYNALIB_FN(BASE_IDX + 4, hal_usart, hal_usart_available, int32_t(hal_usart_interface_t))
   b4120:	b508      	push	{r3, lr}
   b4122:	4b02      	ldr	r3, [pc, #8]	; (b412c <hal_usart_available+0xc>)
   b4124:	681b      	ldr	r3, [r3, #0]
   b4126:	691b      	ldr	r3, [r3, #16]
   b4128:	9301      	str	r3, [sp, #4]
   b412a:	bd08      	pop	{r3, pc}
   b412c:	0003023c 	.word	0x0003023c

000b4130 <hal_usart_read>:
DYNALIB_FN(BASE_IDX + 5, hal_usart, hal_usart_read, int32_t(hal_usart_interface_t))
   b4130:	b508      	push	{r3, lr}
   b4132:	4b02      	ldr	r3, [pc, #8]	; (b413c <hal_usart_read+0xc>)
   b4134:	681b      	ldr	r3, [r3, #0]
   b4136:	695b      	ldr	r3, [r3, #20]
   b4138:	9301      	str	r3, [sp, #4]
   b413a:	bd08      	pop	{r3, pc}
   b413c:	0003023c 	.word	0x0003023c

000b4140 <hal_usart_peek>:
DYNALIB_FN(BASE_IDX + 6, hal_usart, hal_usart_peek, int32_t(hal_usart_interface_t))
   b4140:	b508      	push	{r3, lr}
   b4142:	4b02      	ldr	r3, [pc, #8]	; (b414c <hal_usart_peek+0xc>)
   b4144:	681b      	ldr	r3, [r3, #0]
   b4146:	699b      	ldr	r3, [r3, #24]
   b4148:	9301      	str	r3, [sp, #4]
   b414a:	bd08      	pop	{r3, pc}
   b414c:	0003023c 	.word	0x0003023c

000b4150 <hal_usart_flush>:
DYNALIB_FN(BASE_IDX + 7, hal_usart, hal_usart_flush, void(hal_usart_interface_t))
   b4150:	b508      	push	{r3, lr}
   b4152:	4b02      	ldr	r3, [pc, #8]	; (b415c <hal_usart_flush+0xc>)
   b4154:	681b      	ldr	r3, [r3, #0]
   b4156:	69db      	ldr	r3, [r3, #28]
   b4158:	9301      	str	r3, [sp, #4]
   b415a:	bd08      	pop	{r3, pc}
   b415c:	0003023c 	.word	0x0003023c

000b4160 <hal_usart_available_data_for_write>:
DYNALIB_FN(BASE_IDX + 8, hal_usart, hal_usart_is_enabled, bool(hal_usart_interface_t))
DYNALIB_FN(BASE_IDX + 9, hal_usart, hal_usart_half_duplex, void(hal_usart_interface_t, bool))
DYNALIB_FN(BASE_IDX + 10, hal_usart, hal_usart_available_data_for_write, int32_t(hal_usart_interface_t))
   b4160:	b508      	push	{r3, lr}
   b4162:	4b02      	ldr	r3, [pc, #8]	; (b416c <hal_usart_available_data_for_write+0xc>)
   b4164:	681b      	ldr	r3, [r3, #0]
   b4166:	6a9b      	ldr	r3, [r3, #40]	; 0x28
   b4168:	9301      	str	r3, [sp, #4]
   b416a:	bd08      	pop	{r3, pc}
   b416c:	0003023c 	.word	0x0003023c

000b4170 <hal_usart_init_ex>:
DYNALIB_FN(BASE_IDX2 + 0, hal_usart, hal_usart_begin_config, void(hal_usart_interface_t serial, uint32_t baud, uint32_t config, void *ptr))
DYNALIB_FN(BASE_IDX2 + 1, hal_usart, hal_usart_write_nine_bits, uint32_t(hal_usart_interface_t serial, uint16_t data))
DYNALIB_FN(BASE_IDX2 + 2, hal_usart, hal_usart_send_break, void(hal_usart_interface_t, void*))
DYNALIB_FN(BASE_IDX2 + 3, hal_usart, hal_usart_break_detected, uint8_t(hal_usart_interface_t))
DYNALIB_FN(BASE_IDX2 + 4, hal_usart, hal_usart_sleep, int(hal_usart_interface_t serial, bool, void*))
DYNALIB_FN(BASE_IDX2 + 5, hal_usart, hal_usart_init_ex, int(hal_usart_interface_t, const hal_usart_buffer_config_t*, void*))
   b4170:	b508      	push	{r3, lr}
   b4172:	4b02      	ldr	r3, [pc, #8]	; (b417c <hal_usart_init_ex+0xc>)
   b4174:	681b      	ldr	r3, [r3, #0]
   b4176:	6c1b      	ldr	r3, [r3, #64]	; 0x40
   b4178:	9301      	str	r3, [sp, #4]
   b417a:	bd08      	pop	{r3, pc}
   b417c:	0003023c 	.word	0x0003023c

000b4180 <HAL_USB_USART_Init>:
// GNINRAW

DYNALIB_BEGIN(hal_usb)

#ifdef USB_CDC_ENABLE
DYNALIB_FN(0, hal_usb, HAL_USB_USART_Init, void(HAL_USB_USART_Serial, const HAL_USB_USART_Config*))
   b4180:	b508      	push	{r3, lr}
   b4182:	4b02      	ldr	r3, [pc, #8]	; (b418c <HAL_USB_USART_Init+0xc>)
   b4184:	681b      	ldr	r3, [r3, #0]
   b4186:	681b      	ldr	r3, [r3, #0]
   b4188:	9301      	str	r3, [sp, #4]
   b418a:	bd08      	pop	{r3, pc}
   b418c:	0003024c 	.word	0x0003024c

000b4190 <HAL_USB_USART_Available_Data>:
DYNALIB_FN(1, hal_usb, HAL_USB_USART_Begin, void(HAL_USB_USART_Serial, uint32_t, void *))
DYNALIB_FN(2, hal_usb, HAL_USB_USART_End, void(HAL_USB_USART_Serial))
DYNALIB_FN(3, hal_usb, HAL_USB_USART_Baud_Rate, unsigned int(HAL_USB_USART_Serial))
DYNALIB_FN(4, hal_usb, HAL_USB_USART_Available_Data, int32_t(HAL_USB_USART_Serial))
   b4190:	b508      	push	{r3, lr}
   b4192:	4b02      	ldr	r3, [pc, #8]	; (b419c <HAL_USB_USART_Available_Data+0xc>)
   b4194:	681b      	ldr	r3, [r3, #0]
   b4196:	691b      	ldr	r3, [r3, #16]
   b4198:	9301      	str	r3, [sp, #4]
   b419a:	bd08      	pop	{r3, pc}
   b419c:	0003024c 	.word	0x0003024c

000b41a0 <HAL_USB_USART_Available_Data_For_Write>:
DYNALIB_FN(5, hal_usb, HAL_USB_USART_Available_Data_For_Write, int32_t(HAL_USB_USART_Serial))
   b41a0:	b508      	push	{r3, lr}
   b41a2:	4b02      	ldr	r3, [pc, #8]	; (b41ac <HAL_USB_USART_Available_Data_For_Write+0xc>)
   b41a4:	681b      	ldr	r3, [r3, #0]
   b41a6:	695b      	ldr	r3, [r3, #20]
   b41a8:	9301      	str	r3, [sp, #4]
   b41aa:	bd08      	pop	{r3, pc}
   b41ac:	0003024c 	.word	0x0003024c

000b41b0 <HAL_USB_USART_Receive_Data>:
DYNALIB_FN(6, hal_usb, HAL_USB_USART_Receive_Data, int32_t(HAL_USB_USART_Serial, uint8_t))
   b41b0:	b508      	push	{r3, lr}
   b41b2:	4b02      	ldr	r3, [pc, #8]	; (b41bc <HAL_USB_USART_Receive_Data+0xc>)
   b41b4:	681b      	ldr	r3, [r3, #0]
   b41b6:	699b      	ldr	r3, [r3, #24]
   b41b8:	9301      	str	r3, [sp, #4]
   b41ba:	bd08      	pop	{r3, pc}
   b41bc:	0003024c 	.word	0x0003024c

000b41c0 <HAL_USB_USART_Send_Data>:
DYNALIB_FN(7, hal_usb, HAL_USB_USART_Send_Data, int32_t(HAL_USB_USART_Serial, uint8_t))
   b41c0:	b508      	push	{r3, lr}
   b41c2:	4b02      	ldr	r3, [pc, #8]	; (b41cc <HAL_USB_USART_Send_Data+0xc>)
   b41c4:	681b      	ldr	r3, [r3, #0]
   b41c6:	69db      	ldr	r3, [r3, #28]
   b41c8:	9301      	str	r3, [sp, #4]
   b41ca:	bd08      	pop	{r3, pc}
   b41cc:	0003024c 	.word	0x0003024c

000b41d0 <HAL_USB_USART_Flush_Data>:
DYNALIB_FN(8, hal_usb, HAL_USB_USART_Flush_Data, void(HAL_USB_USART_Serial))
   b41d0:	b508      	push	{r3, lr}
   b41d2:	4b02      	ldr	r3, [pc, #8]	; (b41dc <HAL_USB_USART_Flush_Data+0xc>)
   b41d4:	681b      	ldr	r3, [r3, #0]
   b41d6:	6a1b      	ldr	r3, [r3, #32]
   b41d8:	9301      	str	r3, [sp, #4]
   b41da:	bd08      	pop	{r3, pc}
   b41dc:	0003024c 	.word	0x0003024c

000b41e0 <set_system_mode>:
#endif

DYNALIB_BEGIN(system)

DYNALIB_FN(0, system, system_mode, System_Mode_TypeDef(void))
DYNALIB_FN(1, system, set_system_mode, void(System_Mode_TypeDef))
   b41e0:	b508      	push	{r3, lr}
   b41e2:	4b02      	ldr	r3, [pc, #8]	; (b41ec <set_system_mode+0xc>)
   b41e4:	681b      	ldr	r3, [r3, #0]
   b41e6:	685b      	ldr	r3, [r3, #4]
   b41e8:	9301      	str	r3, [sp, #4]
   b41ea:	bd08      	pop	{r3, pc}
   b41ec:	00030220 	.word	0x00030220

000b41f0 <system_ctrl_set_app_request_handler>:
DYNALIB_FN(BASE_IDX + 6, system, led_pattern_period, uint16_t(int, int, void*))
DYNALIB_FN(BASE_IDX + 7, system, system_set_tester_handlers, int(system_tester_handlers_t*, void*))
DYNALIB_FN(BASE_IDX + 8, system, system_format_diag_data, int(const uint16_t*, size_t, unsigned, appender_fn, void*, void*))

// Control requests
DYNALIB_FN(BASE_IDX + 9, system, system_ctrl_set_app_request_handler, int(ctrl_request_handler_fn, void*))
   b41f0:	b508      	push	{r3, lr}
   b41f2:	4b03      	ldr	r3, [pc, #12]	; (b4200 <system_ctrl_set_app_request_handler+0x10>)
   b41f4:	681b      	ldr	r3, [r3, #0]
   b41f6:	f8d3 3088 	ldr.w	r3, [r3, #136]	; 0x88
   b41fa:	9301      	str	r3, [sp, #4]
   b41fc:	bd08      	pop	{r3, pc}
   b41fe:	0000      	.short	0x0000
   b4200:	00030220 	.word	0x00030220

000b4204 <system_ctrl_set_result>:
DYNALIB_FN(BASE_IDX + 10, system, system_ctrl_alloc_reply_data, int(ctrl_request*, size_t, void*))
DYNALIB_FN(BASE_IDX + 11, system, system_ctrl_free_request_data, void(ctrl_request*, void*))
DYNALIB_FN(BASE_IDX + 12, system, system_ctrl_set_result, void(ctrl_request*, int, ctrl_completion_handler_fn, void*, void*))
   b4204:	b508      	push	{r3, lr}
   b4206:	4b03      	ldr	r3, [pc, #12]	; (b4214 <system_ctrl_set_result+0x10>)
   b4208:	681b      	ldr	r3, [r3, #0]
   b420a:	f8d3 3094 	ldr.w	r3, [r3, #148]	; 0x94
   b420e:	9301      	str	r3, [sp, #4]
   b4210:	bd08      	pop	{r3, pc}
   b4212:	0000      	.short	0x0000
   b4214:	00030220 	.word	0x00030220

000b4218 <spark_set_random_seed_from_cloud_handler>:
DYNALIB_FN(10, system_cloud, spark_unsubscribe, void(void*))
DYNALIB_FN(11, system_cloud, spark_sync_time, bool(void*))
DYNALIB_FN(12, system_cloud, spark_sync_time_pending, bool(void*))
DYNALIB_FN(13, system_cloud, spark_sync_time_last, system_tick_t(time32_t*, time_t*))
DYNALIB_FN(14, system_cloud, spark_set_connection_property, int(unsigned, unsigned, const void*, void*))
DYNALIB_FN(15, system_cloud, spark_set_random_seed_from_cloud_handler, int(void (*handler)(unsigned int), void*))
   b4218:	b508      	push	{r3, lr}
   b421a:	4b02      	ldr	r3, [pc, #8]	; (b4224 <spark_set_random_seed_from_cloud_handler+0xc>)
   b421c:	681b      	ldr	r3, [r3, #0]
   b421e:	6bdb      	ldr	r3, [r3, #60]	; 0x3c
   b4220:	9301      	str	r3, [sp, #4]
   b4222:	bd08      	pop	{r3, pc}
   b4224:	00030244 	.word	0x00030244

000b4228 <network_connect>:
#endif

DYNALIB_BEGIN(system_net)

DYNALIB_FN(0, system_net, network_config, const void*(network_handle_t, uint32_t, void*))
DYNALIB_FN(1, system_net, network_connect, void(network_handle_t, uint32_t, uint32_t, void*))
   b4228:	b508      	push	{r3, lr}
   b422a:	4b02      	ldr	r3, [pc, #8]	; (b4234 <network_connect+0xc>)
   b422c:	681b      	ldr	r3, [r3, #0]
   b422e:	685b      	ldr	r3, [r3, #4]
   b4230:	9301      	str	r3, [sp, #4]
   b4232:	bd08      	pop	{r3, pc}
   b4234:	00030240 	.word	0x00030240

000b4238 <network_connecting>:
DYNALIB_FN(2, system_net, network_connecting, bool(network_handle_t, uint32_t, void*))
   b4238:	b508      	push	{r3, lr}
   b423a:	4b02      	ldr	r3, [pc, #8]	; (b4244 <network_connecting+0xc>)
   b423c:	681b      	ldr	r3, [r3, #0]
   b423e:	689b      	ldr	r3, [r3, #8]
   b4240:	9301      	str	r3, [sp, #4]
   b4242:	bd08      	pop	{r3, pc}
   b4244:	00030240 	.word	0x00030240

000b4248 <network_disconnect>:
DYNALIB_FN(3, system_net, network_disconnect, void(network_handle_t, uint32_t, void*))
   b4248:	b508      	push	{r3, lr}
   b424a:	4b02      	ldr	r3, [pc, #8]	; (b4254 <network_disconnect+0xc>)
   b424c:	681b      	ldr	r3, [r3, #0]
   b424e:	68db      	ldr	r3, [r3, #12]
   b4250:	9301      	str	r3, [sp, #4]
   b4252:	bd08      	pop	{r3, pc}
   b4254:	00030240 	.word	0x00030240

000b4258 <network_ready>:
DYNALIB_FN(4, system_net, network_ready, bool(network_handle_t, uint32_t, void*))
   b4258:	b508      	push	{r3, lr}
   b425a:	4b02      	ldr	r3, [pc, #8]	; (b4264 <network_ready+0xc>)
   b425c:	681b      	ldr	r3, [r3, #0]
   b425e:	691b      	ldr	r3, [r3, #16]
   b4260:	9301      	str	r3, [sp, #4]
   b4262:	bd08      	pop	{r3, pc}
   b4264:	00030240 	.word	0x00030240

000b4268 <network_on>:
DYNALIB_FN(5, system_net, network_on, void(network_handle_t, uint32_t, uint32_t, void*))
   b4268:	b508      	push	{r3, lr}
   b426a:	4b02      	ldr	r3, [pc, #8]	; (b4274 <network_on+0xc>)
   b426c:	681b      	ldr	r3, [r3, #0]
   b426e:	695b      	ldr	r3, [r3, #20]
   b4270:	9301      	str	r3, [sp, #4]
   b4272:	bd08      	pop	{r3, pc}
   b4274:	00030240 	.word	0x00030240

000b4278 <network_off>:
DYNALIB_FN(6, system_net, network_off, void(network_handle_t, uint32_t, uint32_t, void*))
   b4278:	b508      	push	{r3, lr}
   b427a:	4b02      	ldr	r3, [pc, #8]	; (b4284 <network_off+0xc>)
   b427c:	681b      	ldr	r3, [r3, #0]
   b427e:	699b      	ldr	r3, [r3, #24]
   b4280:	9301      	str	r3, [sp, #4]
   b4282:	bd08      	pop	{r3, pc}
   b4284:	00030240 	.word	0x00030240

000b4288 <network_listen>:
DYNALIB_FN(7, system_net, network_listen, void(network_handle_t, uint32_t, void*))
   b4288:	b508      	push	{r3, lr}
   b428a:	4b02      	ldr	r3, [pc, #8]	; (b4294 <network_listen+0xc>)
   b428c:	681b      	ldr	r3, [r3, #0]
   b428e:	69db      	ldr	r3, [r3, #28]
   b4290:	9301      	str	r3, [sp, #4]
   b4292:	bd08      	pop	{r3, pc}
   b4294:	00030240 	.word	0x00030240

000b4298 <network_listening>:
DYNALIB_FN(8, system_net, network_listening, bool(network_handle_t, uint32_t, void*))
   b4298:	b508      	push	{r3, lr}
   b429a:	4b02      	ldr	r3, [pc, #8]	; (b42a4 <network_listening+0xc>)
   b429c:	681b      	ldr	r3, [r3, #0]
   b429e:	6a1b      	ldr	r3, [r3, #32]
   b42a0:	9301      	str	r3, [sp, #4]
   b42a2:	bd08      	pop	{r3, pc}
   b42a4:	00030240 	.word	0x00030240

000b42a8 <network_set_listen_timeout>:
DYNALIB_FN(9, system_net, network_has_credentials, bool(network_handle_t, uint32_t, void*))
DYNALIB_FN(10, system_net, network_set_credentials, int(network_handle_t, uint32_t, NetworkCredentials*, void*))
DYNALIB_FN(11, system_net, network_clear_credentials, bool(network_handle_t, uint32_t, NetworkCredentials*, void*))
DYNALIB_FN(12, system_net, network_set_listen_timeout, void(network_handle_t, uint16_t, void*))
   b42a8:	b508      	push	{r3, lr}
   b42aa:	4b02      	ldr	r3, [pc, #8]	; (b42b4 <network_set_listen_timeout+0xc>)
   b42ac:	681b      	ldr	r3, [r3, #0]
   b42ae:	6b1b      	ldr	r3, [r3, #48]	; 0x30
   b42b0:	9301      	str	r3, [sp, #4]
   b42b2:	bd08      	pop	{r3, pc}
   b42b4:	00030240 	.word	0x00030240

000b42b8 <network_get_listen_timeout>:
DYNALIB_FN(13, system_net, network_get_listen_timeout, uint16_t(network_handle_t, uint32_t, void*))
   b42b8:	b508      	push	{r3, lr}
   b42ba:	4b02      	ldr	r3, [pc, #8]	; (b42c4 <network_get_listen_timeout+0xc>)
   b42bc:	681b      	ldr	r3, [r3, #0]
   b42be:	6b5b      	ldr	r3, [r3, #52]	; 0x34
   b42c0:	9301      	str	r3, [sp, #4]
   b42c2:	bd08      	pop	{r3, pc}
   b42c4:	00030240 	.word	0x00030240

000b42c8 <network_is_on>:
DYNALIB_FN(14, system_net, network_set_hostname, int(network_handle_t, uint32_t, const char*, void*))
DYNALIB_FN(15, system_net, network_get_hostname, int(network_handle_t, uint32_t, char*, size_t, void*))
DYNALIB_FN(16, system_net, network_is_on, bool(network_handle_t, void*))
   b42c8:	b508      	push	{r3, lr}
   b42ca:	4b02      	ldr	r3, [pc, #8]	; (b42d4 <network_is_on+0xc>)
   b42cc:	681b      	ldr	r3, [r3, #0]
   b42ce:	6c1b      	ldr	r3, [r3, #64]	; 0x40
   b42d0:	9301      	str	r3, [sp, #4]
   b42d2:	bd08      	pop	{r3, pc}
   b42d4:	00030240 	.word	0x00030240

000b42d8 <network_is_off>:
DYNALIB_FN(17, system_net, network_is_off, bool(network_handle_t, void*))
   b42d8:	b508      	push	{r3, lr}
   b42da:	4b02      	ldr	r3, [pc, #8]	; (b42e4 <network_is_off+0xc>)
   b42dc:	681b      	ldr	r3, [r3, #0]
   b42de:	6c5b      	ldr	r3, [r3, #68]	; 0x44
   b42e0:	9301      	str	r3, [sp, #4]
   b42e2:	bd08      	pop	{r3, pc}
   b42e4:	00030240 	.word	0x00030240

000b42e8 <malloc>:
#include "hal_platform.h"
#endif // defined(DYNALIB_EXPORT) || (defined(DYNALIB_IMPORT) && !defined(RT_DYNALIB_NO_DEPENDENCY_BREAKING_IMPORTS))

DYNALIB_BEGIN(rt)

DYNALIB_FN(0, rt, malloc, void*(size_t))
   b42e8:	b508      	push	{r3, lr}
   b42ea:	4b02      	ldr	r3, [pc, #8]	; (b42f4 <malloc+0xc>)
   b42ec:	681b      	ldr	r3, [r3, #0]
   b42ee:	681b      	ldr	r3, [r3, #0]
   b42f0:	9301      	str	r3, [sp, #4]
   b42f2:	bd08      	pop	{r3, pc}
   b42f4:	0003021c 	.word	0x0003021c

000b42f8 <free>:
DYNALIB_FN(1, rt, free, void(void*))
   b42f8:	b508      	push	{r3, lr}
   b42fa:	4b02      	ldr	r3, [pc, #8]	; (b4304 <free+0xc>)
   b42fc:	681b      	ldr	r3, [r3, #0]
   b42fe:	685b      	ldr	r3, [r3, #4]
   b4300:	9301      	str	r3, [sp, #4]
   b4302:	bd08      	pop	{r3, pc}
   b4304:	0003021c 	.word	0x0003021c

000b4308 <__assert_func>:
DYNALIB_FN(13, rt, _free_r, void(struct _reent*, void*))
DYNALIB_FN(14, rt, _realloc_r, void*(struct _reent*, void*, size_t))
DYNALIB_FN(15, rt, __errno, int*())

#if defined(DYNALIB_EXPORT) || (defined(DYNALIB_IMPORT) && !defined(RT_DYNALIB_NO_DEPENDENCY_BREAKING_IMPORTS))
DYNALIB_FN(16, rt, __assert_func, void(const char*, int, const char*, const char*))
   b4308:	b508      	push	{r3, lr}
   b430a:	4b02      	ldr	r3, [pc, #8]	; (b4314 <__assert_func+0xc>)
   b430c:	681b      	ldr	r3, [r3, #0]
   b430e:	6c1b      	ldr	r3, [r3, #64]	; 0x40
   b4310:	9301      	str	r3, [sp, #4]
   b4312:	bd08      	pop	{r3, pc}
   b4314:	0003021c 	.word	0x0003021c

000b4318 <newlib_impure_ptr_callback>:
DYNALIB_FN(17, rt, newlib_impure_ptr_callback, void(void (*)(struct _reent*, size_t, uint32_t, void*), void*))
   b4318:	b508      	push	{r3, lr}
   b431a:	4b02      	ldr	r3, [pc, #8]	; (b4324 <newlib_impure_ptr_callback+0xc>)
   b431c:	681b      	ldr	r3, [r3, #0]
   b431e:	6c5b      	ldr	r3, [r3, #68]	; 0x44
   b4320:	9301      	str	r3, [sp, #4]
   b4322:	bd08      	pop	{r3, pc}
   b4324:	0003021c 	.word	0x0003021c

000b4328 <_GLOBAL__sub_I__ZN8particle3ble13WiringBleLock6mutex_E>:
    /**
     * Creates a shared mutex.
     */
    RecursiveMutex(os_mutex_recursive_t handle) : handle_(handle) {}

    RecursiveMutex() : handle_(nullptr)
   b4328:	4802      	ldr	r0, [pc, #8]	; (b4334 <_GLOBAL__sub_I__ZN8particle3ble13WiringBleLock6mutex_E+0xc>)
   b432a:	2300      	movs	r3, #0
   b432c:	6003      	str	r3, [r0, #0]
    {
        os_mutex_recursive_create(&handle_);
   b432e:	f7ff bebf 	b.w	b40b0 <os_mutex_recursive_create>
   b4332:	bf00      	nop
   b4334:	2003e6b4 	.word	0x2003e6b4

000b4338 <_ZN5spark13CellularClass5readyEv>:
        return network_listening(*this, 0, NULL);
    }

    bool ready()
    {
        return network_ready(*this, 0,  NULL);
   b4338:	2200      	movs	r2, #0
   b433a:	6840      	ldr	r0, [r0, #4]
   b433c:	4611      	mov	r1, r2
   b433e:	f7ff bf8b 	b.w	b4258 <network_ready>

000b4342 <_ZN5spark13CellularClass9listeningEv>:
        return network_listening(*this, 0, NULL);
   b4342:	2200      	movs	r2, #0
   b4344:	6840      	ldr	r0, [r0, #4]
   b4346:	4611      	mov	r1, r2
   b4348:	f7ff bfa6 	b.w	b4298 <network_listening>

000b434c <_ZN5spark13CellularClass16getListenTimeoutEv>:
        return network_get_listen_timeout(*this, 0, NULL);
   b434c:	2200      	movs	r2, #0
   b434e:	6840      	ldr	r0, [r0, #4]
   b4350:	4611      	mov	r1, r2
   b4352:	f7ff bfb1 	b.w	b42b8 <network_get_listen_timeout>

000b4356 <_ZN5spark13CellularClass16setListenTimeoutEt>:
        network_set_listen_timeout(*this, timeout, NULL);
   b4356:	6840      	ldr	r0, [r0, #4]
   b4358:	2200      	movs	r2, #0
   b435a:	f7ff bfa5 	b.w	b42a8 <network_set_listen_timeout>

000b435e <_ZN5spark13CellularClass6listenEb>:
        network_listen(*this, begin ? 0 : 1, NULL);
   b435e:	6840      	ldr	r0, [r0, #4]
   b4360:	2200      	movs	r2, #0
   b4362:	f081 0101 	eor.w	r1, r1, #1
   b4366:	f7ff bf8f 	b.w	b4288 <network_listen>

000b436a <_ZN5spark13CellularClass3offEv>:
        network_off(*this, 0, 0, NULL);
   b436a:	2300      	movs	r3, #0
   b436c:	6840      	ldr	r0, [r0, #4]
   b436e:	461a      	mov	r2, r3
   b4370:	4619      	mov	r1, r3
   b4372:	f7ff bf81 	b.w	b4278 <network_off>

000b4376 <_ZN5spark13CellularClass2onEv>:
        network_on(*this, 0, 0, NULL);
   b4376:	2300      	movs	r3, #0
   b4378:	6840      	ldr	r0, [r0, #4]
   b437a:	461a      	mov	r2, r3
   b437c:	4619      	mov	r1, r3
   b437e:	f7ff bf73 	b.w	b4268 <network_on>

000b4382 <_ZN5spark13CellularClass10connectingEv>:
        return network_connecting(*this, 0, NULL);
   b4382:	2200      	movs	r2, #0
   b4384:	6840      	ldr	r0, [r0, #4]
   b4386:	4611      	mov	r1, r2
   b4388:	f7ff bf56 	b.w	b4238 <network_connecting>

000b438c <_ZN5spark13CellularClass10disconnectEv>:
        network_disconnect(*this, NETWORK_DISCONNECT_REASON_USER, NULL);
   b438c:	6840      	ldr	r0, [r0, #4]
   b438e:	2200      	movs	r2, #0
   b4390:	2102      	movs	r1, #2
   b4392:	f7ff bf59 	b.w	b4248 <network_disconnect>

000b4396 <_ZN5spark13CellularClass7connectEj>:
        network_connect(*this, flags, 0, NULL);
   b4396:	2300      	movs	r3, #0
   b4398:	6840      	ldr	r0, [r0, #4]
   b439a:	461a      	mov	r2, r3
   b439c:	f7ff bf44 	b.w	b4228 <network_connect>

000b43a0 <_GLOBAL__sub_I__ZN5spark13CellularClass4RSSIEv>:
    int tx_total;
    int rx_total;

    CellularDataHal()
    {
        memset(this, 0, sizeof(*this));
   b43a0:	4b08      	ldr	r3, [pc, #32]	; (b43c4 <_GLOBAL__sub_I__ZN5spark13CellularClass4RSSIEv+0x24>)
        return (band_get.ok = true);
    }

    CellularClass Cellular;
    // NetworkClass& Network = Cellular;
}
   b43a2:	b510      	push	{r4, lr}
   b43a4:	2428      	movs	r4, #40	; 0x28
   b43a6:	4622      	mov	r2, r4
   b43a8:	4618      	mov	r0, r3
   b43aa:	2100      	movs	r1, #0
   b43ac:	f000 fbb0 	bl	b4b10 <memset>
    static NetworkClass& from(network_interface_t nif);

    virtual IPAddress resolve(const char* name);

    explicit NetworkClass(network_interface_t iface)
            : iface_(iface) {
   b43b0:	4b05      	ldr	r3, [pc, #20]	; (b43c8 <_GLOBAL__sub_I__ZN5spark13CellularClass4RSSIEv+0x28>)
        cid = -1;
        size = sizeof(*this);
   b43b2:	8004      	strh	r4, [r0, #0]
        cid = -1;
   b43b4:	f04f 32ff 	mov.w	r2, #4294967295	; 0xffffffff
   b43b8:	6042      	str	r2, [r0, #4]
   b43ba:	2204      	movs	r2, #4
   b43bc:	605a      	str	r2, [r3, #4]
            NetworkClass(NETWORK_INTERFACE_CELLULAR) {
   b43be:	4a03      	ldr	r2, [pc, #12]	; (b43cc <_GLOBAL__sub_I__ZN5spark13CellularClass4RSSIEv+0x2c>)
   b43c0:	601a      	str	r2, [r3, #0]
   b43c2:	bd10      	pop	{r4, pc}
   b43c4:	2003e6c0 	.word	0x2003e6c0
   b43c8:	2003e6b8 	.word	0x2003e6b8
   b43cc:	000b4c74 	.word	0x000b4c74

000b43d0 <_ZN5spark13EthernetClass9listeningEv>:
    uint16_t getListenTimeout(void) {
        return network_get_listen_timeout(*this, 0, NULL);
    }

    bool listening(void) {
        return network_listening(*this, 0, NULL);
   b43d0:	2200      	movs	r2, #0
   b43d2:	6840      	ldr	r0, [r0, #4]
   b43d4:	4611      	mov	r1, r2
   b43d6:	f7ff bf5f 	b.w	b4298 <network_listening>

000b43da <_ZN5spark13EthernetClass16getListenTimeoutEv>:
        return network_get_listen_timeout(*this, 0, NULL);
   b43da:	2200      	movs	r2, #0
   b43dc:	6840      	ldr	r0, [r0, #4]
   b43de:	4611      	mov	r1, r2
   b43e0:	f7ff bf6a 	b.w	b42b8 <network_get_listen_timeout>

000b43e4 <_ZN5spark13EthernetClass16setListenTimeoutEt>:
        network_set_listen_timeout(*this, timeout, NULL);
   b43e4:	6840      	ldr	r0, [r0, #4]
   b43e6:	2200      	movs	r2, #0
   b43e8:	f7ff bf5e 	b.w	b42a8 <network_set_listen_timeout>

000b43ec <_ZN5spark13EthernetClass6listenEb>:
        network_listen(*this, begin ? 0 : 1, NULL);
   b43ec:	6840      	ldr	r0, [r0, #4]
   b43ee:	2200      	movs	r2, #0
   b43f0:	f081 0101 	eor.w	r1, r1, #1
   b43f4:	f7ff bf48 	b.w	b4288 <network_listen>

000b43f8 <_ZN5spark13EthernetClass3offEv>:
        network_off(*this, 0, 0, NULL);
   b43f8:	2300      	movs	r3, #0
   b43fa:	6840      	ldr	r0, [r0, #4]
   b43fc:	461a      	mov	r2, r3
   b43fe:	4619      	mov	r1, r3
   b4400:	f7ff bf3a 	b.w	b4278 <network_off>

000b4404 <_ZN5spark13EthernetClass2onEv>:
        network_on(*this, 0, 0, NULL);
   b4404:	2300      	movs	r3, #0
   b4406:	6840      	ldr	r0, [r0, #4]
   b4408:	461a      	mov	r2, r3
   b440a:	4619      	mov	r1, r3
   b440c:	f7ff bf2c 	b.w	b4268 <network_on>

000b4410 <_ZN5spark13EthernetClass5readyEv>:
    }

    bool ready() {
        return network_ready(*this, 0,  NULL);
   b4410:	2200      	movs	r2, #0
   b4412:	6840      	ldr	r0, [r0, #4]
   b4414:	4611      	mov	r1, r2
   b4416:	f7ff bf1f 	b.w	b4258 <network_ready>

000b441a <_ZN5spark13EthernetClass10connectingEv>:
        return network_connecting(*this, 0, NULL);
   b441a:	2200      	movs	r2, #0
   b441c:	6840      	ldr	r0, [r0, #4]
   b441e:	4611      	mov	r1, r2
   b4420:	f7ff bf0a 	b.w	b4238 <network_connecting>

000b4424 <_ZN5spark13EthernetClass10disconnectEv>:
        network_disconnect(*this, NETWORK_DISCONNECT_REASON_USER, NULL);
   b4424:	6840      	ldr	r0, [r0, #4]
   b4426:	2200      	movs	r2, #0
   b4428:	2102      	movs	r1, #2
   b442a:	f7ff bf0d 	b.w	b4248 <network_disconnect>

000b442e <_ZN5spark13EthernetClass7connectEj>:
        network_connect(*this, flags, 0, NULL);
   b442e:	2300      	movs	r3, #0
   b4430:	6840      	ldr	r0, [r0, #4]
   b4432:	461a      	mov	r2, r3
   b4434:	f7ff bef8 	b.w	b4228 <network_connect>

000b4438 <_GLOBAL__sub_I__ZN5spark8EthernetE>:
   b4438:	4b02      	ldr	r3, [pc, #8]	; (b4444 <_GLOBAL__sub_I__ZN5spark8EthernetE+0xc>)
   b443a:	2203      	movs	r2, #3
   b443c:	605a      	str	r2, [r3, #4]
            NetworkClass(NETWORK_INTERFACE_ETHERNET) {
   b443e:	4a02      	ldr	r2, [pc, #8]	; (b4448 <_GLOBAL__sub_I__ZN5spark8EthernetE+0x10>)
   b4440:	601a      	str	r2, [r3, #0]

namespace spark {

EthernetClass Ethernet;

} // spark
   b4442:	4770      	bx	lr
   b4444:	2003e6e8 	.word	0x2003e6e8
   b4448:	000b4cb0 	.word	0x000b4cb0

000b444c <_ZN9IPAddressD1Ev>:
    IPAddress(uint32_t address);
    // 4 bytes defining the IP address in network order
    IPAddress(const uint8_t* address);
    IPAddress(const HAL_IPAddress& address);

    virtual ~IPAddress() {}
   b444c:	4770      	bx	lr

000b444e <_ZN9IPAddressD0Ev>:
   b444e:	b510      	push	{r4, lr}
   b4450:	2118      	movs	r1, #24
   b4452:	4604      	mov	r4, r0
   b4454:	f7ff fe1f 	bl	b4096 <_ZdlPvj>
   b4458:	4620      	mov	r0, r4
   b445a:	bd10      	pop	{r4, pc}

000b445c <_ZNK9IPAddress7printToER5Print>:
#endif // Wiring_IPv6
	return address.ipv4==that.address.ipv4;
}

size_t IPAddress::printTo(Print& p) const
{
   b445c:	b5f0      	push	{r4, r5, r6, r7, lr}
#if Wiring_IPv6
#if HAL_USE_INET_HAL_POSIX
	if (address.v==6) {
   b445e:	7d03      	ldrb	r3, [r0, #20]
   b4460:	2b06      	cmp	r3, #6
{
   b4462:	b08d      	sub	sp, #52	; 0x34
   b4464:	460e      	mov	r6, r1
		char buf[INET6_ADDRSTRLEN+1];
		buf[0] = 0;
		inet_inet_ntop(AF_INET6, address.ipv6, buf, sizeof(buf));
   b4466:	f100 0704 	add.w	r7, r0, #4
   b446a:	f04f 0400 	mov.w	r4, #0
	if (address.v==6) {
   b446e:	d012      	beq.n	b4496 <_ZNK9IPAddress7printToER5Print+0x3a>
   b4470:	f100 0508 	add.w	r5, r0, #8
            val = n;
        }
#if __GNUC__ >= 9
#pragma GCC diagnostic pop
#endif // __GNUC__ >= 9
        return printNumber(val, base) + t;
   b4474:	f815 1d01 	ldrb.w	r1, [r5, #-1]!
   b4478:	220a      	movs	r2, #10
   b447a:	4630      	mov	r0, r6
   b447c:	f000 f943 	bl	b4706 <_ZN5Print11printNumberEmh>
#else
#pragma message "HAL_USE_INET_HAL_POSIX is required for IPv6 support in IPAddress::printTo()"
#endif // HAL_USE_INET_HAL_POSIX
#endif // Wiring_IPv6
    size_t n = 0;
    for (int i = 0; i < 4; i++)
   b4480:	42af      	cmp	r7, r5
    {
        if (n)
            n += p.print('.');
        n += p.print((*this)[i], DEC);
   b4482:	4404      	add	r4, r0
    for (int i = 0; i < 4; i++)
   b4484:	d019      	beq.n	b44ba <_ZNK9IPAddress7printToER5Print+0x5e>
        if (n)
   b4486:	2c00      	cmp	r4, #0
   b4488:	d0f4      	beq.n	b4474 <_ZNK9IPAddress7printToER5Print+0x18>
            n += p.print('.');
   b448a:	212e      	movs	r1, #46	; 0x2e
   b448c:	4630      	mov	r0, r6
   b448e:	f000 f937 	bl	b4700 <_ZN5Print5printEc>
   b4492:	4404      	add	r4, r0
   b4494:	e7ee      	b.n	b4474 <_ZNK9IPAddress7printToER5Print+0x18>
		inet_inet_ntop(AF_INET6, address.ipv6, buf, sizeof(buf));
   b4496:	232f      	movs	r3, #47	; 0x2f
   b4498:	466a      	mov	r2, sp
   b449a:	4639      	mov	r1, r7
   b449c:	200a      	movs	r0, #10
		buf[0] = 0;
   b449e:	f88d 4000 	strb.w	r4, [sp]
		inet_inet_ntop(AF_INET6, address.ipv6, buf, sizeof(buf));
   b44a2:	f7ff fe1d 	bl	b40e0 <inet_inet_ntop>
      return write((const uint8_t *)str, strlen(str));
   b44a6:	4668      	mov	r0, sp
   b44a8:	f000 fb68 	bl	b4b7c <strlen>
   b44ac:	6833      	ldr	r3, [r6, #0]
   b44ae:	4602      	mov	r2, r0
   b44b0:	68db      	ldr	r3, [r3, #12]
   b44b2:	4669      	mov	r1, sp
   b44b4:	4630      	mov	r0, r6
   b44b6:	4798      	blx	r3
   b44b8:	4604      	mov	r4, r0
    }
    return n;
}
   b44ba:	4620      	mov	r0, r4
   b44bc:	b00d      	add	sp, #52	; 0x34
   b44be:	bdf0      	pop	{r4, r5, r6, r7, pc}

000b44c0 <_ZN9IPAddressC1Ev>:
IPAddress::IPAddress()
   b44c0:	b510      	push	{r4, lr}
   b44c2:	4b05      	ldr	r3, [pc, #20]	; (b44d8 <_ZN9IPAddressC1Ev+0x18>)
   b44c4:	4604      	mov	r4, r0
        return address;
    }

    virtual size_t printTo(Print& p) const;

    void clear() { memset(&address, 0, sizeof (address)); }
   b44c6:	2211      	movs	r2, #17
   b44c8:	f840 3b04 	str.w	r3, [r0], #4
   b44cc:	2100      	movs	r1, #0
   b44ce:	f000 fb1f 	bl	b4b10 <memset>
}
   b44d2:	4620      	mov	r0, r4
   b44d4:	bd10      	pop	{r4, pc}
   b44d6:	bf00      	nop
   b44d8:	000b4cec 	.word	0x000b4cec

000b44dc <_ZN9IPAddressC1ERK16_HAL_IPAddress_t>:
IPAddress::IPAddress(const HAL_IPAddress& address)
   b44dc:	4603      	mov	r3, r0
   b44de:	4a07      	ldr	r2, [pc, #28]	; (b44fc <_ZN9IPAddressC1ERK16_HAL_IPAddress_t+0x20>)
   b44e0:	b510      	push	{r4, lr}
   b44e2:	f843 2b04 	str.w	r2, [r3], #4
    memcpy(&this->address, &address, sizeof(address));
   b44e6:	f101 0210 	add.w	r2, r1, #16
   b44ea:	f851 4b04 	ldr.w	r4, [r1], #4
   b44ee:	f843 4b04 	str.w	r4, [r3], #4
   b44f2:	4291      	cmp	r1, r2
   b44f4:	d1f9      	bne.n	b44ea <_ZN9IPAddressC1ERK16_HAL_IPAddress_t+0xe>
   b44f6:	780a      	ldrb	r2, [r1, #0]
   b44f8:	701a      	strb	r2, [r3, #0]
}
   b44fa:	bd10      	pop	{r4, pc}
   b44fc:	000b4cec 	.word	0x000b4cec

000b4500 <_ZN9IPAddress8set_ipv4Ehhhh>:
{
   b4500:	b510      	push	{r4, lr}
    address.ipv4 = b0<<24 | b1 << 16 | b2 << 8 | b3;
   b4502:	f89d 4008 	ldrb.w	r4, [sp, #8]
   b4506:	ea44 2303 	orr.w	r3, r4, r3, lsl #8
   b450a:	ea43 4202 	orr.w	r2, r3, r2, lsl #16
   b450e:	ea42 6101 	orr.w	r1, r2, r1, lsl #24
        address.v = version;
   b4512:	2304      	movs	r3, #4
   b4514:	6041      	str	r1, [r0, #4]
   b4516:	7503      	strb	r3, [r0, #20]
}
   b4518:	bd10      	pop	{r4, pc}
	...

000b451c <_ZN9IPAddressC1EPKh>:
IPAddress::IPAddress(const uint8_t* addr)
   b451c:	b507      	push	{r0, r1, r2, lr}
   b451e:	4b06      	ldr	r3, [pc, #24]	; (b4538 <_ZN9IPAddressC1EPKh+0x1c>)
   b4520:	6003      	str	r3, [r0, #0]
    set_ipv4(addr[0], addr[1], addr[2], addr[3]);
   b4522:	78cb      	ldrb	r3, [r1, #3]
   b4524:	9300      	str	r3, [sp, #0]
   b4526:	788b      	ldrb	r3, [r1, #2]
   b4528:	784a      	ldrb	r2, [r1, #1]
   b452a:	7809      	ldrb	r1, [r1, #0]
   b452c:	f7ff ffe8 	bl	b4500 <_ZN9IPAddress8set_ipv4Ehhhh>
}
   b4530:	b003      	add	sp, #12
   b4532:	f85d fb04 	ldr.w	pc, [sp], #4
   b4536:	bf00      	nop
   b4538:	000b4cec 	.word	0x000b4cec

000b453c <_GLOBAL__sub_I__ZN5spark3LogE>:
    // This handler doesn't support direct logging
}

// spark::Logger
inline spark::Logger::Logger(const char *name) :
        name_(name) {
   b453c:	4b01      	ldr	r3, [pc, #4]	; (b4544 <_GLOBAL__sub_I__ZN5spark3LogE+0x8>)
   b453e:	4a02      	ldr	r2, [pc, #8]	; (b4548 <_GLOBAL__sub_I__ZN5spark3LogE+0xc>)
   b4540:	601a      	str	r2, [r3, #0]
#if Wiring_LogConfig

// spark::
void spark::logProcessControlRequest(ctrl_request* req) {
    JSONRequestHandler::process(req);
}
   b4542:	4770      	bx	lr
   b4544:	2003e6f0 	.word	0x2003e6f0
   b4548:	000b4cf8 	.word	0x000b4cf8

000b454c <_ZN5spark12NetworkClass7connectEj>:
        return Network;
    }
}

void NetworkClass::connect(unsigned flags) {
    network_connect(*this, flags, 0, nullptr);
   b454c:	2300      	movs	r3, #0
   b454e:	6840      	ldr	r0, [r0, #4]
   b4550:	461a      	mov	r2, r3
   b4552:	f7ff be69 	b.w	b4228 <network_connect>

000b4556 <_ZN5spark12NetworkClass10disconnectEv>:
}

void NetworkClass::disconnect() {
    network_disconnect(*this, NETWORK_DISCONNECT_REASON_USER, nullptr);
   b4556:	6840      	ldr	r0, [r0, #4]
   b4558:	2200      	movs	r2, #0
   b455a:	2102      	movs	r1, #2
   b455c:	f7ff be74 	b.w	b4248 <network_disconnect>

000b4560 <_ZN5spark12NetworkClass10connectingEv>:
}

bool NetworkClass::connecting() {
    return network_connecting(*this, 0, nullptr);
   b4560:	2200      	movs	r2, #0
   b4562:	6840      	ldr	r0, [r0, #4]
   b4564:	4611      	mov	r1, r2
   b4566:	f7ff be67 	b.w	b4238 <network_connecting>

000b456a <_ZN5spark12NetworkClass5readyEv>:
}

bool NetworkClass::ready() {
    return network_ready(*this, 0, nullptr);
   b456a:	2200      	movs	r2, #0
   b456c:	6840      	ldr	r0, [r0, #4]
   b456e:	4611      	mov	r1, r2
   b4570:	f7ff be72 	b.w	b4258 <network_ready>

000b4574 <_ZN5spark12NetworkClass2onEv>:
}

void NetworkClass::on() {
    network_on(*this, 0, 0, nullptr);
   b4574:	2300      	movs	r3, #0
   b4576:	6840      	ldr	r0, [r0, #4]
   b4578:	461a      	mov	r2, r3
   b457a:	4619      	mov	r1, r3
   b457c:	f7ff be74 	b.w	b4268 <network_on>

000b4580 <_ZN5spark12NetworkClass3offEv>:
}

void NetworkClass::off() {
    network_off(*this, 0, 0, nullptr);
   b4580:	2300      	movs	r3, #0
   b4582:	6840      	ldr	r0, [r0, #4]
   b4584:	461a      	mov	r2, r3
   b4586:	4619      	mov	r1, r3
   b4588:	f7ff be76 	b.w	b4278 <network_off>

000b458c <_ZN5spark12NetworkClass4isOnEv>:
}

bool NetworkClass::isOn() {
    return network_is_on(*this, nullptr);
   b458c:	6840      	ldr	r0, [r0, #4]
   b458e:	2100      	movs	r1, #0
   b4590:	f7ff be9a 	b.w	b42c8 <network_is_on>

000b4594 <_ZN5spark12NetworkClass5isOffEv>:
}

bool NetworkClass::isOff() {
    return network_is_off(*this, nullptr);
   b4594:	6840      	ldr	r0, [r0, #4]
   b4596:	2100      	movs	r1, #0
   b4598:	f7ff be9e 	b.w	b42d8 <network_is_off>

000b459c <_ZN5spark12NetworkClass6listenEb>:
}

void NetworkClass::listen(bool begin) {
    network_listen(*this, begin ? 0 : 1, nullptr);
   b459c:	6840      	ldr	r0, [r0, #4]
   b459e:	2200      	movs	r2, #0
   b45a0:	f081 0101 	eor.w	r1, r1, #1
   b45a4:	f7ff be70 	b.w	b4288 <network_listen>

000b45a8 <_ZN5spark12NetworkClass16setListenTimeoutEt>:
}

void NetworkClass::setListenTimeout(uint16_t timeout) {
    network_set_listen_timeout(*this, timeout, nullptr);
   b45a8:	6840      	ldr	r0, [r0, #4]
   b45aa:	2200      	movs	r2, #0
   b45ac:	f7ff be7c 	b.w	b42a8 <network_set_listen_timeout>

000b45b0 <_ZN5spark12NetworkClass16getListenTimeoutEv>:
}

uint16_t NetworkClass::getListenTimeout() {
    return network_get_listen_timeout(*this, 0, nullptr);
   b45b0:	2200      	movs	r2, #0
   b45b2:	6840      	ldr	r0, [r0, #4]
   b45b4:	4611      	mov	r1, r2
   b45b6:	f7ff be7f 	b.w	b42b8 <network_get_listen_timeout>

000b45ba <_ZN5spark12NetworkClass9listeningEv>:
}

bool NetworkClass::listening() {
    return network_listening(*this, 0, nullptr);
   b45ba:	2200      	movs	r2, #0
   b45bc:	6840      	ldr	r0, [r0, #4]
   b45be:	4611      	mov	r1, r2
   b45c0:	f7ff be6a 	b.w	b4298 <network_listening>

000b45c4 <_ZN5spark12NetworkClass7resolveEPKc>:
}

IPAddress NetworkClass::resolve(const char* name) {
   b45c4:	e92d 43f0 	stmdb	sp!, {r4, r5, r6, r7, r8, r9, lr}
   b45c8:	b095      	sub	sp, #84	; 0x54
   b45ca:	4614      	mov	r4, r2
   b45cc:	460d      	mov	r5, r1
   b45ce:	4607      	mov	r7, r0
    IPAddress addr;
   b45d0:	f7ff ff76 	bl	b44c0 <_ZN9IPAddressC1Ev>
#if HAL_USE_INET_HAL_POSIX
    struct addrinfo *ai = nullptr;
   b45d4:	2100      	movs	r1, #0
    struct addrinfo hints = {};
   b45d6:	221c      	movs	r2, #28
   b45d8:	a80d      	add	r0, sp, #52	; 0x34
    struct addrinfo *ai = nullptr;
   b45da:	9100      	str	r1, [sp, #0]
    struct addrinfo hints = {};
   b45dc:	f000 fa98 	bl	b4b10 <memset>
    hints.ai_flags = AI_ADDRCONFIG;
   b45e0:	2340      	movs	r3, #64	; 0x40
   b45e2:	930c      	str	r3, [sp, #48]	; 0x30
    hints.ai_family = AF_UNSPEC;
    const int r = getaddrinfo(name, nullptr, &hints, &ai);
   b45e4:	4620      	mov	r0, r4
   b45e6:	466b      	mov	r3, sp
   b45e8:	aa0c      	add	r2, sp, #48	; 0x30
   b45ea:	2100      	movs	r1, #0
   b45ec:	f7ff fd88 	bl	b4100 <netdb_getaddrinfo>
    if (!r) {
   b45f0:	4604      	mov	r4, r0
   b45f2:	2800      	cmp	r0, #0
   b45f4:	d14b      	bne.n	b468e <_ZN5spark12NetworkClass7resolveEPKc+0xca>
        bool ok = false;
        // This is not really needed if AI_ADDRCONFIG is properly supported
        bool ipv4 = network_ready(*this, NETWORK_READY_TYPE_IPV4, nullptr);
   b45f6:	4602      	mov	r2, r0
   b45f8:	2101      	movs	r1, #1
   b45fa:	6868      	ldr	r0, [r5, #4]
   b45fc:	f7ff fe2c 	bl	b4258 <network_ready>
        bool ipv6 = network_ready(*this, NETWORK_READY_TYPE_IPV6, nullptr);
   b4600:	2102      	movs	r1, #2
        bool ipv4 = network_ready(*this, NETWORK_READY_TYPE_IPV4, nullptr);
   b4602:	4680      	mov	r8, r0
        bool ipv6 = network_ready(*this, NETWORK_READY_TYPE_IPV6, nullptr);
   b4604:	4622      	mov	r2, r4
   b4606:	6868      	ldr	r0, [r5, #4]
   b4608:	f7ff fe26 	bl	b4258 <network_ready>
        for (auto cur = ai; cur != nullptr && !ok; cur = cur->ai_next) {
   b460c:	9e00      	ldr	r6, [sp, #0]
        bool ipv6 = network_ready(*this, NETWORK_READY_TYPE_IPV6, nullptr);
   b460e:	4681      	mov	r9, r0
        bool ok = false;
   b4610:	4621      	mov	r1, r4
        for (auto cur = ai; cur != nullptr && !ok; cur = cur->ai_next) {
   b4612:	2e00      	cmp	r6, #0
   b4614:	d03b      	beq.n	b468e <_ZN5spark12NetworkClass7resolveEPKc+0xca>
   b4616:	2900      	cmp	r1, #0
   b4618:	d139      	bne.n	b468e <_ZN5spark12NetworkClass7resolveEPKc+0xca>
            // NOTE: using only the first entry that matches the current state of IPv4/IPv6 connectivity
            switch (cur->ai_family) {
   b461a:	6873      	ldr	r3, [r6, #4]
   b461c:	2b02      	cmp	r3, #2
   b461e:	d003      	beq.n	b4628 <_ZN5spark12NetworkClass7resolveEPKc+0x64>
   b4620:	2b0a      	cmp	r3, #10
   b4622:	d011      	beq.n	b4648 <_ZN5spark12NetworkClass7resolveEPKc+0x84>
        for (auto cur = ai; cur != nullptr && !ok; cur = cur->ai_next) {
   b4624:	69f6      	ldr	r6, [r6, #28]
   b4626:	e7f4      	b.n	b4612 <_ZN5spark12NetworkClass7resolveEPKc+0x4e>
                case AF_INET: {
                    if (!ipv4) {
   b4628:	f1b8 0f00 	cmp.w	r8, #0
   b462c:	d0fa      	beq.n	b4624 <_ZN5spark12NetworkClass7resolveEPKc+0x60>
                        continue;
                    }
                    // NOTE: HAL_IPAddress is little-endian
                    auto in = (struct sockaddr_in*)cur->ai_addr;
                    addr = (const uint8_t*)(&in->sin_addr.s_addr);
   b462e:	6971      	ldr	r1, [r6, #20]
        return *this = IPAddress(address);
   b4630:	a806      	add	r0, sp, #24
   b4632:	3104      	adds	r1, #4
class IPAddress : public Printable {
   b4634:	ad07      	add	r5, sp, #28
        return *this = IPAddress(address);
   b4636:	f7ff ff71 	bl	b451c <_ZN9IPAddressC1EPKh>
class IPAddress : public Printable {
   b463a:	cd0f      	ldmia	r5!, {r0, r1, r2, r3}
   b463c:	1d3c      	adds	r4, r7, #4
   b463e:	c40f      	stmia	r4!, {r0, r1, r2, r3}
   b4640:	682b      	ldr	r3, [r5, #0]
   b4642:	7023      	strb	r3, [r4, #0]
                    ok = true;
   b4644:	4641      	mov	r1, r8
        return *this = IPAddress(address);
   b4646:	e7ed      	b.n	b4624 <_ZN5spark12NetworkClass7resolveEPKc+0x60>
                    break;
                }
                case AF_INET6: {
                    if (!ipv6) {
   b4648:	f1b9 0f00 	cmp.w	r9, #0
   b464c:	d0ea      	beq.n	b4624 <_ZN5spark12NetworkClass7resolveEPKc+0x60>
                        continue;
                    }
                    auto in6 = (struct sockaddr_in6*)cur->ai_addr;
   b464e:	6974      	ldr	r4, [r6, #20]
                    HAL_IPAddress a = {};
   b4650:	2210      	movs	r2, #16
   b4652:	a801      	add	r0, sp, #4
   b4654:	f000 fa5c 	bl	b4b10 <memset>
                    a.v = 6;
   b4658:	2306      	movs	r3, #6
   b465a:	f88d 3014 	strb.w	r3, [sp, #20]
                    memcpy(a.ipv6, in6->sin6_addr.s6_addr, sizeof(a.ipv6));
   b465e:	ad01      	add	r5, sp, #4
   b4660:	f104 0308 	add.w	r3, r4, #8
   b4664:	3418      	adds	r4, #24
   b4666:	6818      	ldr	r0, [r3, #0]
   b4668:	6859      	ldr	r1, [r3, #4]
   b466a:	462a      	mov	r2, r5
   b466c:	c203      	stmia	r2!, {r0, r1}
   b466e:	3308      	adds	r3, #8
   b4670:	42a3      	cmp	r3, r4
   b4672:	4615      	mov	r5, r2
   b4674:	d1f7      	bne.n	b4666 <_ZN5spark12NetworkClass7resolveEPKc+0xa2>
                    addr = IPAddress(a);
   b4676:	a901      	add	r1, sp, #4
   b4678:	a806      	add	r0, sp, #24
class IPAddress : public Printable {
   b467a:	ad07      	add	r5, sp, #28
   b467c:	f7ff ff2e 	bl	b44dc <_ZN9IPAddressC1ERK16_HAL_IPAddress_t>
   b4680:	cd0f      	ldmia	r5!, {r0, r1, r2, r3}
   b4682:	1d3c      	adds	r4, r7, #4
   b4684:	c40f      	stmia	r4!, {r0, r1, r2, r3}
   b4686:	682b      	ldr	r3, [r5, #0]
   b4688:	7023      	strb	r3, [r4, #0]
                    ok = true;
   b468a:	4649      	mov	r1, r9
   b468c:	e7ca      	b.n	b4624 <_ZN5spark12NetworkClass7resolveEPKc+0x60>
                    break;
                }
            }
        }
    }
    freeaddrinfo(ai);
   b468e:	9800      	ldr	r0, [sp, #0]
   b4690:	f7ff fd2e 	bl	b40f0 <netdb_freeaddrinfo>
    return Cellular.resolve(name);
#endif // Wiring_Cellular

#endif // HAL_USE_INET_HAL_POSIX
    return addr;
}
   b4694:	4638      	mov	r0, r7
   b4696:	b015      	add	sp, #84	; 0x54
   b4698:	e8bd 83f0 	ldmia.w	sp!, {r4, r5, r6, r7, r8, r9, pc}

000b469c <_GLOBAL__sub_I__ZN5spark7NetworkE>:
   b469c:	4b02      	ldr	r3, [pc, #8]	; (b46a8 <_GLOBAL__sub_I__ZN5spark7NetworkE+0xc>)
   b469e:	4a03      	ldr	r2, [pc, #12]	; (b46ac <_GLOBAL__sub_I__ZN5spark7NetworkE+0x10>)
   b46a0:	601a      	str	r2, [r3, #0]
   b46a2:	2200      	movs	r2, #0
   b46a4:	605a      	str	r2, [r3, #4]

} // spark
   b46a6:	4770      	bx	lr
   b46a8:	2003e6f4 	.word	0x2003e6f4
   b46ac:	000b4d04 	.word	0x000b4d04

000b46b0 <_ZN5Print5writeEPKhj>:

// Public Methods //////////////////////////////////////////////////////////////

/* default implementation: may be overridden */
size_t Print::write(const uint8_t *buffer, size_t size)
{
   b46b0:	b5f8      	push	{r3, r4, r5, r6, r7, lr}
   b46b2:	4606      	mov	r6, r0
   b46b4:	460d      	mov	r5, r1
  size_t n = 0;
   b46b6:	188f      	adds	r7, r1, r2
   b46b8:	2400      	movs	r4, #0
  while (size--) {
   b46ba:	42bd      	cmp	r5, r7
   b46bc:	d00c      	beq.n	b46d8 <_ZN5Print5writeEPKhj+0x28>
     int chunk = write(*buffer++);
   b46be:	6833      	ldr	r3, [r6, #0]
   b46c0:	f815 1b01 	ldrb.w	r1, [r5], #1
   b46c4:	689b      	ldr	r3, [r3, #8]
   b46c6:	4630      	mov	r0, r6
   b46c8:	4798      	blx	r3
     if (chunk>=0)
   b46ca:	1e03      	subs	r3, r0, #0
   b46cc:	db01      	blt.n	b46d2 <_ZN5Print5writeEPKhj+0x22>
         n += chunk;
   b46ce:	441c      	add	r4, r3
  while (size--) {
   b46d0:	e7f3      	b.n	b46ba <_ZN5Print5writeEPKhj+0xa>
     int chunk = write(*buffer++);
   b46d2:	2c00      	cmp	r4, #0
   b46d4:	bf08      	it	eq
   b46d6:	461c      	moveq	r4, r3
             n = chunk;
         break;
     }
  }
  return n;
}
   b46d8:	4620      	mov	r0, r4
   b46da:	bdf8      	pop	{r3, r4, r5, r6, r7, pc}

000b46dc <_ZN5Print5writeEPKc>:
    size_t write(const char *str) {
   b46dc:	b513      	push	{r0, r1, r4, lr}
   b46de:	4604      	mov	r4, r0
    }
   b46e0:	4608      	mov	r0, r1
      if (str == NULL) return 0;
   b46e2:	b159      	cbz	r1, b46fc <_ZN5Print5writeEPKc+0x20>
      return write((const uint8_t *)str, strlen(str));
   b46e4:	9101      	str	r1, [sp, #4]
   b46e6:	f000 fa49 	bl	b4b7c <strlen>
   b46ea:	6823      	ldr	r3, [r4, #0]
   b46ec:	9901      	ldr	r1, [sp, #4]
   b46ee:	68db      	ldr	r3, [r3, #12]
   b46f0:	4602      	mov	r2, r0
   b46f2:	4620      	mov	r0, r4
    }
   b46f4:	b002      	add	sp, #8
   b46f6:	e8bd 4010 	ldmia.w	sp!, {r4, lr}
      return write((const uint8_t *)str, strlen(str));
   b46fa:	4718      	bx	r3
    }
   b46fc:	b002      	add	sp, #8
   b46fe:	bd10      	pop	{r4, pc}

000b4700 <_ZN5Print5printEc>:
  return write(str);
}

size_t Print::print(char c)
{
  return write(c);
   b4700:	6803      	ldr	r3, [r0, #0]
   b4702:	689b      	ldr	r3, [r3, #8]
   b4704:	4718      	bx	r3

000b4706 <_ZN5Print11printNumberEmh>:
  return println(reinterpret_cast<const char*>(str));
}

// Private Methods /////////////////////////////////////////////////////////////

size_t Print::printNumber(unsigned long n, uint8_t base) {
   b4706:	b530      	push	{r4, r5, lr}
   b4708:	b08b      	sub	sp, #44	; 0x2c
  char buf[8 * sizeof(n) + 1]; // Assumes 8-bit chars plus zero byte.
  char *str = &buf[sizeof(buf) - 1];

  *str = '\0';
   b470a:	2300      	movs	r3, #0

  // prevent crash if called with base == 1
  if (base < 2) base = 10;
   b470c:	2a01      	cmp	r2, #1
  *str = '\0';
   b470e:	f88d 3024 	strb.w	r3, [sp, #36]	; 0x24
  if (base < 2) base = 10;
   b4712:	bf98      	it	ls
   b4714:	220a      	movls	r2, #10
   b4716:	ac09      	add	r4, sp, #36	; 0x24

  do {
   decltype(n) m = n;
   n /= base;
   b4718:	460d      	mov	r5, r1
   b471a:	fbb1 f1f2 	udiv	r1, r1, r2
   char c = m - base * n;
   b471e:	fb01 5312 	mls	r3, r1, r2, r5
   b4722:	f003 03ff 	and.w	r3, r3, #255	; 0xff
   *--str = c < 10 ? c + '0' : c + 'A' - 10;
   b4726:	2b09      	cmp	r3, #9
   b4728:	bf94      	ite	ls
   b472a:	3330      	addls	r3, #48	; 0x30
   b472c:	3337      	addhi	r3, #55	; 0x37
   b472e:	b2db      	uxtb	r3, r3
  } while(n);
   b4730:	42aa      	cmp	r2, r5
   *--str = c < 10 ? c + '0' : c + 'A' - 10;
   b4732:	f804 3d01 	strb.w	r3, [r4, #-1]!
  } while(n);
   b4736:	d9ef      	bls.n	b4718 <_ZN5Print11printNumberEmh+0x12>

  return write(str);
   b4738:	4621      	mov	r1, r4
   b473a:	f7ff ffcf 	bl	b46dc <_ZN5Print5writeEPKc>
}
   b473e:	b00b      	add	sp, #44	; 0x2c
   b4740:	bd30      	pop	{r4, r5, pc}
	...

000b4744 <_GLOBAL__sub_I_RGB>:
	static void
	_M_init_functor(_Any_data& __functor, _Functor&& __f, false_type)
	{ __functor._M_access<_Functor*>() = new _Functor(std::move(__f)); }
      };

    _Function_base() : _M_manager(nullptr) { }
   b4744:	4b01      	ldr	r3, [pc, #4]	; (b474c <_GLOBAL__sub_I_RGB+0x8>)
   b4746:	2200      	movs	r2, #0
   b4748:	609a      	str	r2, [r3, #8]
{
    RGBClass* const d = static_cast<RGBClass*>(data);
    if (d->changeHandler_) {
        d->changeHandler_(r, g, b);
    }
}
   b474a:	4770      	bx	lr
   b474c:	2003e6fc 	.word	0x2003e6fc

000b4750 <_GLOBAL__sub_I_System>:
} // namespace particle

// particle::Flag<TagT, ValueT>
template<typename TagT, typename ValueT>
inline particle::Flag<TagT, ValueT>::Flag(ValueT val) :
        val_(val) {
   b4750:	4b05      	ldr	r3, [pc, #20]	; (b4768 <_GLOBAL__sub_I_System+0x18>)
   b4752:	2202      	movs	r2, #2
   b4754:	601a      	str	r2, [r3, #0]

class SystemSleepResult {
public:
    SystemSleepResult()
            : wakeupSource_(nullptr),
              error_(SYSTEM_ERROR_NONE) {
   b4756:	4b05      	ldr	r3, [pc, #20]	; (b476c <_GLOBAL__sub_I_System+0x1c>)
    SleepResult() {}
   b4758:	4a05      	ldr	r2, [pc, #20]	; (b4770 <_GLOBAL__sub_I_System+0x20>)
   b475a:	609a      	str	r2, [r3, #8]
              error_(SYSTEM_ERROR_NONE) {
   b475c:	2000      	movs	r0, #0
   b475e:	e9c3 0000 	strd	r0, r0, [r3]

class SystemClass {
public:

    SystemClass(System_Mode_TypeDef mode = DEFAULT) {
        set_system_mode(mode);
   b4762:	f7ff bd3d 	b.w	b41e0 <set_system_mode>
   b4766:	bf00      	nop
   b4768:	2003e718 	.word	0x2003e718
   b476c:	2003e70c 	.word	0x2003e70c
   b4770:	ffff0000 	.word	0xffff0000

000b4774 <_GLOBAL__sub_I_TIME_FORMAT_DEFAULT>:
            calendar_time_cache = Convert_UnixTime_To_CalendarTime(unix_time);
            unix_time_cache = unix_time;
    }
}

const char* TimeClass::format_spec = TIME_FORMAT_DEFAULT;
   b4774:	4b02      	ldr	r3, [pc, #8]	; (b4780 <_GLOBAL__sub_I_TIME_FORMAT_DEFAULT+0xc>)
   b4776:	681a      	ldr	r2, [r3, #0]
   b4778:	4b02      	ldr	r3, [pc, #8]	; (b4784 <_GLOBAL__sub_I_TIME_FORMAT_DEFAULT+0x10>)
   b477a:	601a      	str	r2, [r3, #0]
{
  return isValid();
}


TimeClass Time;
   b477c:	4770      	bx	lr
   b477e:	bf00      	nop
   b4780:	2003e648 	.word	0x2003e648
   b4784:	2003e71c 	.word	0x2003e71c

000b4788 <_ZN11USARTSerialD1Ev>:
private:
  hal_usart_interface_t _serial;
  bool _blocking;
public:
  USARTSerial(hal_usart_interface_t serial, const hal_usart_buffer_config_t& config);
  virtual ~USARTSerial() {};
   b4788:	4770      	bx	lr

000b478a <_ZN11USARTSerial14blockOnOverrunEb>:
    hal_usart_half_duplex(_serial, Enable);
}

void USARTSerial::blockOnOverrun(bool block)
{
  _blocking = block;
   b478a:	7441      	strb	r1, [r0, #17]
}
   b478c:	4770      	bx	lr

000b478e <_ZN11USARTSerial17availableForWriteEv>:


int USARTSerial::availableForWrite(void)
{
   b478e:	b508      	push	{r3, lr}
  return std::max(0, (int)hal_usart_available_data_for_write(_serial));
   b4790:	7c00      	ldrb	r0, [r0, #16]
   b4792:	f7ff fce5 	bl	b4160 <hal_usart_available_data_for_write>
}
   b4796:	ea20 70e0 	bic.w	r0, r0, r0, asr #31
   b479a:	bd08      	pop	{r3, pc}

000b479c <_ZN11USARTSerial9availableEv>:

int USARTSerial::available(void)
{
   b479c:	b508      	push	{r3, lr}
  return std::max(0, (int)hal_usart_available(_serial));
   b479e:	7c00      	ldrb	r0, [r0, #16]
   b47a0:	f7ff fcbe 	bl	b4120 <hal_usart_available>
}
   b47a4:	ea20 70e0 	bic.w	r0, r0, r0, asr #31
   b47a8:	bd08      	pop	{r3, pc}

000b47aa <_ZN11USARTSerial4peekEv>:

int USARTSerial::peek(void)
{
   b47aa:	b508      	push	{r3, lr}
  return std::max(-1, (int)hal_usart_peek(_serial));
   b47ac:	7c00      	ldrb	r0, [r0, #16]
   b47ae:	f7ff fcc7 	bl	b4140 <hal_usart_peek>
}
   b47b2:	ea40 70e0 	orr.w	r0, r0, r0, asr #31
   b47b6:	bd08      	pop	{r3, pc}

000b47b8 <_ZN11USARTSerial4readEv>:

int USARTSerial::read(void)
{
   b47b8:	b508      	push	{r3, lr}
  return std::max(-1, (int)hal_usart_read(_serial));
   b47ba:	7c00      	ldrb	r0, [r0, #16]
   b47bc:	f7ff fcb8 	bl	b4130 <hal_usart_read>
}
   b47c0:	ea40 70e0 	orr.w	r0, r0, r0, asr #31
   b47c4:	bd08      	pop	{r3, pc}

000b47c6 <_ZN11USARTSerial5flushEv>:

void USARTSerial::flush()
{
  hal_usart_flush(_serial);
   b47c6:	7c00      	ldrb	r0, [r0, #16]
   b47c8:	f7ff bcc2 	b.w	b4150 <hal_usart_flush>

000b47cc <_ZN11USARTSerial5writeEh>:
}

size_t USARTSerial::write(uint8_t c)
{
   b47cc:	b537      	push	{r0, r1, r2, r4, r5, lr}
  // attempt a write if blocking, or for non-blocking if there is room.
  if (_blocking || hal_usart_available_data_for_write(_serial) > 0) {
   b47ce:	7c45      	ldrb	r5, [r0, #17]
{
   b47d0:	4604      	mov	r4, r0
  if (_blocking || hal_usart_available_data_for_write(_serial) > 0) {
   b47d2:	b12d      	cbz	r5, b47e0 <_ZN11USARTSerial5writeEh+0x14>
    // the HAL always blocks.
	  return hal_usart_write(_serial, c);
   b47d4:	7c20      	ldrb	r0, [r4, #16]
  }
  return 0;
}
   b47d6:	b003      	add	sp, #12
   b47d8:	e8bd 4030 	ldmia.w	sp!, {r4, r5, lr}
	  return hal_usart_write(_serial, c);
   b47dc:	f7ff bc98 	b.w	b4110 <hal_usart_write>
  if (_blocking || hal_usart_available_data_for_write(_serial) > 0) {
   b47e0:	7c00      	ldrb	r0, [r0, #16]
   b47e2:	9101      	str	r1, [sp, #4]
   b47e4:	f7ff fcbc 	bl	b4160 <hal_usart_available_data_for_write>
   b47e8:	2800      	cmp	r0, #0
   b47ea:	9901      	ldr	r1, [sp, #4]
   b47ec:	dcf2      	bgt.n	b47d4 <_ZN11USARTSerial5writeEh+0x8>
}
   b47ee:	4628      	mov	r0, r5
   b47f0:	b003      	add	sp, #12
   b47f2:	bd30      	pop	{r4, r5, pc}

000b47f4 <_ZN11USARTSerialD0Ev>:
   b47f4:	b510      	push	{r4, lr}
   b47f6:	2114      	movs	r1, #20
   b47f8:	4604      	mov	r4, r0
   b47fa:	f7ff fc4c 	bl	b4096 <_ZdlPvj>
   b47fe:	4620      	mov	r0, r4
   b4800:	bd10      	pop	{r4, pc}
	...

000b4804 <_ZN11USARTSerialC1E21hal_usart_interface_tRK25hal_usart_buffer_config_t>:
USARTSerial::USARTSerial(hal_usart_interface_t serial, const hal_usart_buffer_config_t& config)
   b4804:	b510      	push	{r4, lr}
    virtual int available() = 0;
    virtual int read() = 0;
    virtual int peek() = 0;
    virtual void flush() = 0;

    Stream() {_timeout=1000;}
   b4806:	f44f 737a 	mov.w	r3, #1000	; 0x3e8
   b480a:	4604      	mov	r4, r0
   b480c:	4608      	mov	r0, r1
   b480e:	4611      	mov	r1, r2
   b4810:	2200      	movs	r2, #0
   b4812:	e9c4 2301 	strd	r2, r3, [r4, #4]
   b4816:	4b04      	ldr	r3, [pc, #16]	; (b4828 <_ZN11USARTSerialC1E21hal_usart_interface_tRK25hal_usart_buffer_config_t+0x24>)
   b4818:	6023      	str	r3, [r4, #0]
  _blocking = true;
   b481a:	2301      	movs	r3, #1
  _serial = serial;
   b481c:	7420      	strb	r0, [r4, #16]
  _blocking = true;
   b481e:	7463      	strb	r3, [r4, #17]
  hal_usart_init_ex(serial, &config, nullptr);
   b4820:	f7ff fca6 	bl	b4170 <hal_usart_init_ex>
}
   b4824:	4620      	mov	r0, r4
   b4826:	bd10      	pop	{r4, pc}
   b4828:	000b4d5c 	.word	0x000b4d5c

000b482c <_ZN9USBSerial14blockOnOverrunEb>:
  HAL_USB_USART_Flush_Data(_serial);
}

void USBSerial::blockOnOverrun(bool block)
{
  _blocking = block;
   b482c:	7441      	strb	r1, [r0, #17]
}
   b482e:	4770      	bx	lr

000b4830 <__tcf_0>:
}

USBSerial& _fetch_usbserial()
{
  HAL_USB_USART_Config conf = acquireSerialBuffer();
	static USBSerial _usbserial(HAL_USB_USART_SERIAL, conf);
   b4830:	4770      	bx	lr

000b4832 <_ZN9USBSerialD1Ev>:
#include "usb_hal.h"
#include "system_task.h"
#include "spark_wiring_startup.h"
#include "concurrent_hal.h"

class USBSerial : public Stream
   b4832:	4770      	bx	lr

000b4834 <_ZN9USBSerial4readEv>:
{
   b4834:	b508      	push	{r3, lr}
	return std::max(-1, (int)HAL_USB_USART_Receive_Data(_serial, false));
   b4836:	2100      	movs	r1, #0
   b4838:	7c00      	ldrb	r0, [r0, #16]
   b483a:	f7ff fcb9 	bl	b41b0 <HAL_USB_USART_Receive_Data>
}
   b483e:	ea40 70e0 	orr.w	r0, r0, r0, asr #31
   b4842:	bd08      	pop	{r3, pc}

000b4844 <_ZN9USBSerial4peekEv>:
{
   b4844:	b508      	push	{r3, lr}
	return std::max(-1, (int)HAL_USB_USART_Receive_Data(_serial, true));
   b4846:	2101      	movs	r1, #1
   b4848:	7c00      	ldrb	r0, [r0, #16]
   b484a:	f7ff fcb1 	bl	b41b0 <HAL_USB_USART_Receive_Data>
}
   b484e:	ea40 70e0 	orr.w	r0, r0, r0, asr #31
   b4852:	bd08      	pop	{r3, pc}

000b4854 <_ZN9USBSerial17availableForWriteEv>:
{
   b4854:	b508      	push	{r3, lr}
  return std::max(0, (int)HAL_USB_USART_Available_Data_For_Write(_serial));
   b4856:	7c00      	ldrb	r0, [r0, #16]
   b4858:	f7ff fca2 	bl	b41a0 <HAL_USB_USART_Available_Data_For_Write>
}
   b485c:	ea20 70e0 	bic.w	r0, r0, r0, asr #31
   b4860:	bd08      	pop	{r3, pc}

000b4862 <_ZN9USBSerial9availableEv>:
{
   b4862:	b508      	push	{r3, lr}
	return std::max(0, (int)HAL_USB_USART_Available_Data(_serial));
   b4864:	7c00      	ldrb	r0, [r0, #16]
   b4866:	f7ff fc93 	bl	b4190 <HAL_USB_USART_Available_Data>
}
   b486a:	ea20 70e0 	bic.w	r0, r0, r0, asr #31
   b486e:	bd08      	pop	{r3, pc}

000b4870 <_ZN9USBSerial5writeEh>:
{
   b4870:	b513      	push	{r0, r1, r4, lr}
   b4872:	4604      	mov	r4, r0
  if (HAL_USB_USART_Available_Data_For_Write(_serial) > 0 || _blocking) {
   b4874:	7c00      	ldrb	r0, [r0, #16]
{
   b4876:	9101      	str	r1, [sp, #4]
  if (HAL_USB_USART_Available_Data_For_Write(_serial) > 0 || _blocking) {
   b4878:	f7ff fc92 	bl	b41a0 <HAL_USB_USART_Available_Data_For_Write>
   b487c:	2800      	cmp	r0, #0
   b487e:	9901      	ldr	r1, [sp, #4]
   b4880:	dc01      	bgt.n	b4886 <_ZN9USBSerial5writeEh+0x16>
   b4882:	7c60      	ldrb	r0, [r4, #17]
   b4884:	b120      	cbz	r0, b4890 <_ZN9USBSerial5writeEh+0x20>
    return std::max(0, (int)HAL_USB_USART_Send_Data(_serial, byte));
   b4886:	7c20      	ldrb	r0, [r4, #16]
   b4888:	f7ff fc9a 	bl	b41c0 <HAL_USB_USART_Send_Data>
   b488c:	ea20 70e0 	bic.w	r0, r0, r0, asr #31
}
   b4890:	b002      	add	sp, #8
   b4892:	bd10      	pop	{r4, pc}

000b4894 <_ZN9USBSerial5flushEv>:
  HAL_USB_USART_Flush_Data(_serial);
   b4894:	7c00      	ldrb	r0, [r0, #16]
   b4896:	f7ff bc9b 	b.w	b41d0 <HAL_USB_USART_Flush_Data>

000b489a <_ZN9USBSerialD0Ev>:
   b489a:	b510      	push	{r4, lr}
   b489c:	2114      	movs	r1, #20
   b489e:	4604      	mov	r4, r0
   b48a0:	f7ff fbf9 	bl	b4096 <_ZdlPvj>
   b48a4:	4620      	mov	r0, r4
   b48a6:	bd10      	pop	{r4, pc}

000b48a8 <_ZN9USBSerialC1E20HAL_USB_USART_SerialRK20HAL_USB_USART_Config>:
USBSerial::USBSerial(HAL_USB_USART_Serial serial, const HAL_USB_USART_Config& conf)
   b48a8:	b510      	push	{r4, lr}
   b48aa:	f44f 737a 	mov.w	r3, #1000	; 0x3e8
   b48ae:	4604      	mov	r4, r0
   b48b0:	4608      	mov	r0, r1
   b48b2:	2100      	movs	r1, #0
   b48b4:	e9c4 1301 	strd	r1, r3, [r4, #4]
   b48b8:	4b04      	ldr	r3, [pc, #16]	; (b48cc <_ZN9USBSerialC1E20HAL_USB_USART_SerialRK20HAL_USB_USART_Config+0x24>)
   b48ba:	6023      	str	r3, [r4, #0]
  _blocking = true;
   b48bc:	2301      	movs	r3, #1
  _serial = serial;
   b48be:	7420      	strb	r0, [r4, #16]
  _blocking = true;
   b48c0:	7463      	strb	r3, [r4, #17]
  HAL_USB_USART_Init(_serial, &conf);
   b48c2:	4611      	mov	r1, r2
   b48c4:	f7ff fc5c 	bl	b4180 <HAL_USB_USART_Init>
}
   b48c8:	4620      	mov	r0, r4
   b48ca:	bd10      	pop	{r4, pc}
   b48cc:	000b4d8c 	.word	0x000b4d8c

000b48d0 <_Z19acquireSerialBufferv>:
{
   b48d0:	b510      	push	{r4, lr}
  HAL_USB_USART_Config conf = {};
   b48d2:	2214      	movs	r2, #20
{
   b48d4:	4604      	mov	r4, r0
  HAL_USB_USART_Config conf = {};
   b48d6:	2100      	movs	r1, #0
   b48d8:	f000 f91a 	bl	b4b10 <memset>
}
   b48dc:	4620      	mov	r0, r4
   b48de:	bd10      	pop	{r4, pc}

000b48e0 <_Z16_fetch_usbserialv>:
{
   b48e0:	b510      	push	{r4, lr}
	static USBSerial _usbserial(HAL_USB_USART_SERIAL, conf);
   b48e2:	4c0f      	ldr	r4, [pc, #60]	; (b4920 <_Z16_fetch_usbserialv+0x40>)
{
   b48e4:	b088      	sub	sp, #32
  HAL_USB_USART_Config conf = acquireSerialBuffer();
   b48e6:	a803      	add	r0, sp, #12
   b48e8:	f7ff fff2 	bl	b48d0 <_Z19acquireSerialBufferv>
	static USBSerial _usbserial(HAL_USB_USART_SERIAL, conf);
   b48ec:	7821      	ldrb	r1, [r4, #0]
   b48ee:	f3bf 8f5b 	dmb	ish
   b48f2:	f011 0101 	ands.w	r1, r1, #1
   b48f6:	d10f      	bne.n	b4918 <_Z16_fetch_usbserialv+0x38>
   b48f8:	4620      	mov	r0, r4
   b48fa:	9101      	str	r1, [sp, #4]
   b48fc:	f7ff fbcd 	bl	b409a <__cxa_guard_acquire>
   b4900:	9901      	ldr	r1, [sp, #4]
   b4902:	b148      	cbz	r0, b4918 <_Z16_fetch_usbserialv+0x38>
   b4904:	aa03      	add	r2, sp, #12
   b4906:	4807      	ldr	r0, [pc, #28]	; (b4924 <_Z16_fetch_usbserialv+0x44>)
   b4908:	f7ff ffce 	bl	b48a8 <_ZN9USBSerialC1E20HAL_USB_USART_SerialRK20HAL_USB_USART_Config>
   b490c:	4806      	ldr	r0, [pc, #24]	; (b4928 <_Z16_fetch_usbserialv+0x48>)
   b490e:	f000 f8eb 	bl	b4ae8 <atexit>
   b4912:	4620      	mov	r0, r4
   b4914:	f7ff fbc6 	bl	b40a4 <__cxa_guard_release>
	return _usbserial;
}
   b4918:	4802      	ldr	r0, [pc, #8]	; (b4924 <_Z16_fetch_usbserialv+0x44>)
   b491a:	b008      	add	sp, #32
   b491c:	bd10      	pop	{r4, pc}
   b491e:	bf00      	nop
   b4920:	2003e720 	.word	0x2003e720
   b4924:	2003e724 	.word	0x2003e724
   b4928:	000b4831 	.word	0x000b4831

000b492c <_ZZ21module_user_init_hookENUlP6_reentjmPvE_4_FUNES0_jmS1_>:

void module_user_init_hook()
{
#if HAL_PLATFORM_NEWLIB
    newlib_impure_ptr_callback([](struct _reent* r, size_t size, uint32_t version, void* ctx) -> void {
        _impure_ptr = r;
   b492c:	4b01      	ldr	r3, [pc, #4]	; (b4934 <_ZZ21module_user_init_hookENUlP6_reentjmPvE_4_FUNES0_jmS1_+0x8>)
   b492e:	6018      	str	r0, [r3, #0]
    }, nullptr);
   b4930:	4770      	bx	lr
   b4932:	bf00      	nop
   b4934:	2003e64c 	.word	0x2003e64c

000b4938 <serialEventRun>:
{
   b4938:	b508      	push	{r3, lr}
    if (serialEvent && Serial.available()>0)
   b493a:	4b0b      	ldr	r3, [pc, #44]	; (b4968 <serialEventRun+0x30>)
   b493c:	b143      	cbz	r3, b4950 <serialEventRun+0x18>
   b493e:	f7ff ffcf 	bl	b48e0 <_Z16_fetch_usbserialv>
   b4942:	6803      	ldr	r3, [r0, #0]
   b4944:	691b      	ldr	r3, [r3, #16]
   b4946:	4798      	blx	r3
   b4948:	2800      	cmp	r0, #0
   b494a:	dd01      	ble.n	b4950 <serialEventRun+0x18>
        serialEvent();
   b494c:	f3af 8000 	nop.w
    if (serialEvent1 && Serial1.available()>0)
   b4950:	4b06      	ldr	r3, [pc, #24]	; (b496c <serialEventRun+0x34>)
   b4952:	b143      	cbz	r3, b4966 <serialEventRun+0x2e>
   b4954:	f000 f8a2 	bl	b4a9c <_Z22__fetch_global_Serial1v>
   b4958:	6803      	ldr	r3, [r0, #0]
   b495a:	691b      	ldr	r3, [r3, #16]
   b495c:	4798      	blx	r3
   b495e:	2800      	cmp	r0, #0
   b4960:	dd01      	ble.n	b4966 <serialEventRun+0x2e>
        serialEvent1();
   b4962:	f3af 8000 	nop.w
}
   b4966:	bd08      	pop	{r3, pc}
	...

000b4970 <_post_loop>:
{
   b4970:	b508      	push	{r3, lr}
	serialEventRun();
   b4972:	f7ff ffe1 	bl	b4938 <serialEventRun>
		return !thread || !thread->isRunning();
	}

	static inline system_tick_t current_time()
	{
		return HAL_Timer_Get_Milli_Seconds();
   b4976:	f7ff fbab 	bl	b40d0 <HAL_Timer_Get_Milli_Seconds>
	/**
	 * Lifesign that the application is still working normally.
	 */
	static void checkin()
	{
		last_checkin = current_time();
   b497a:	4b01      	ldr	r3, [pc, #4]	; (b4980 <_post_loop+0x10>)
   b497c:	6018      	str	r0, [r3, #0]
}
   b497e:	bd08      	pop	{r3, pc}
   b4980:	2003e740 	.word	0x2003e740

000b4984 <_Z33system_initialize_user_backup_ramv>:
    memcpy(&link_global_retained_start, &link_global_retained_initial_values, len);
   b4984:	4805      	ldr	r0, [pc, #20]	; (b499c <_Z33system_initialize_user_backup_ramv+0x18>)
   b4986:	4a06      	ldr	r2, [pc, #24]	; (b49a0 <_Z33system_initialize_user_backup_ramv+0x1c>)
   b4988:	4906      	ldr	r1, [pc, #24]	; (b49a4 <_Z33system_initialize_user_backup_ramv+0x20>)
{
   b498a:	b508      	push	{r3, lr}
    memcpy(&link_global_retained_start, &link_global_retained_initial_values, len);
   b498c:	1a12      	subs	r2, r2, r0
   b498e:	f000 f8b1 	bl	b4af4 <memcpy>
    __backup_sram_signature = signature;
   b4992:	4b05      	ldr	r3, [pc, #20]	; (b49a8 <_Z33system_initialize_user_backup_ramv+0x24>)
   b4994:	4a05      	ldr	r2, [pc, #20]	; (b49ac <_Z33system_initialize_user_backup_ramv+0x28>)
   b4996:	601a      	str	r2, [r3, #0]
}
   b4998:	bd08      	pop	{r3, pc}
   b499a:	bf00      	nop
   b499c:	2003f400 	.word	0x2003f400
   b49a0:	2003f404 	.word	0x2003f404
   b49a4:	000b4e74 	.word	0x000b4e74
   b49a8:	2003f400 	.word	0x2003f400
   b49ac:	9a271c1e 	.word	0x9a271c1e

000b49b0 <_Z27ctrl_request_custom_handlerP12ctrl_request>:
void __attribute((weak)) ctrl_request_custom_handler(ctrl_request* req) {
   b49b0:	b507      	push	{r0, r1, r2, lr}
    system_ctrl_set_result(req, SYSTEM_ERROR_NOT_SUPPORTED, nullptr, nullptr, nullptr);
   b49b2:	2300      	movs	r3, #0
   b49b4:	9300      	str	r3, [sp, #0]
   b49b6:	461a      	mov	r2, r3
   b49b8:	f06f 0177 	mvn.w	r1, #119	; 0x77
   b49bc:	f7ff fc22 	bl	b4204 <system_ctrl_set_result>
}
   b49c0:	b003      	add	sp, #12
   b49c2:	f85d fb04 	ldr.w	pc, [sp], #4
	...

000b49c8 <_ZL20ctrl_request_handlerP12ctrl_request>:
static void ctrl_request_handler(ctrl_request* req) {
   b49c8:	b507      	push	{r0, r1, r2, lr}
    switch (req->type) {
   b49ca:	8843      	ldrh	r3, [r0, #2]
   b49cc:	2b0a      	cmp	r3, #10
   b49ce:	d008      	beq.n	b49e2 <_ZL20ctrl_request_handlerP12ctrl_request+0x1a>
   b49d0:	2b50      	cmp	r3, #80	; 0x50
   b49d2:	d10b      	bne.n	b49ec <_ZL20ctrl_request_handlerP12ctrl_request+0x24>
        if (log_process_ctrl_request_callback) {
   b49d4:	4b09      	ldr	r3, [pc, #36]	; (b49fc <_ZL20ctrl_request_handlerP12ctrl_request+0x34>)
   b49d6:	681b      	ldr	r3, [r3, #0]
   b49d8:	b14b      	cbz	r3, b49ee <_ZL20ctrl_request_handlerP12ctrl_request+0x26>
}
   b49da:	b003      	add	sp, #12
   b49dc:	f85d eb04 	ldr.w	lr, [sp], #4
            log_process_ctrl_request_callback(req);
   b49e0:	4718      	bx	r3
        ctrl_request_custom_handler(req);
   b49e2:	f7ff ffe5 	bl	b49b0 <_Z27ctrl_request_custom_handlerP12ctrl_request>
}
   b49e6:	b003      	add	sp, #12
   b49e8:	f85d fb04 	ldr.w	pc, [sp], #4
        system_ctrl_set_result(req, SYSTEM_ERROR_NOT_SUPPORTED, nullptr, nullptr, nullptr);
   b49ec:	2300      	movs	r3, #0
   b49ee:	9300      	str	r3, [sp, #0]
   b49f0:	461a      	mov	r2, r3
   b49f2:	f06f 0177 	mvn.w	r1, #119	; 0x77
   b49f6:	f7ff fc05 	bl	b4204 <system_ctrl_set_result>
}
   b49fa:	e7f4      	b.n	b49e6 <_ZL20ctrl_request_handlerP12ctrl_request+0x1e>
   b49fc:	2003e73c 	.word	0x2003e73c

000b4a00 <module_user_init_hook>:
{
   b4a00:	b510      	push	{r4, lr}
    newlib_impure_ptr_callback([](struct _reent* r, size_t size, uint32_t version, void* ctx) -> void {
   b4a02:	4812      	ldr	r0, [pc, #72]	; (b4a4c <module_user_init_hook+0x4c>)
   b4a04:	2100      	movs	r1, #0
   b4a06:	f7ff fc87 	bl	b4318 <newlib_impure_ptr_callback>
#endif // HAL_PLATFORM_NEWLIB

#if HAL_PLATFORM_BACKUP_RAM
    backup_ram_was_valid_ = __backup_sram_signature == signature;
   b4a0a:	4b11      	ldr	r3, [pc, #68]	; (b4a50 <module_user_init_hook+0x50>)
   b4a0c:	681a      	ldr	r2, [r3, #0]
   b4a0e:	4b11      	ldr	r3, [pc, #68]	; (b4a54 <module_user_init_hook+0x54>)
   b4a10:	429a      	cmp	r2, r3
   b4a12:	4b11      	ldr	r3, [pc, #68]	; (b4a58 <module_user_init_hook+0x58>)
   b4a14:	bf0c      	ite	eq
   b4a16:	2201      	moveq	r2, #1
   b4a18:	2200      	movne	r2, #0
   b4a1a:	701a      	strb	r2, [r3, #0]
    if (!backup_ram_was_valid_) {
   b4a1c:	d001      	beq.n	b4a22 <module_user_init_hook+0x22>
        system_initialize_user_backup_ram();
   b4a1e:	f7ff ffb1 	bl	b4984 <_Z33system_initialize_user_backup_ramv>
    }
#endif

#if HAL_PLATFORM_RNG
    // Initialize the default stdlib PRNG using hardware RNG as a seed
    const uint32_t seed = HAL_RNG_GetRandomNumber();
   b4a22:	f7ff fb4d 	bl	b40c0 <HAL_RNG_GetRandomNumber>
   b4a26:	4604      	mov	r4, r0
    srand(seed);
   b4a28:	f000 f87a 	bl	b4b20 <srand>

    // If the user defines random_seed_from_cloud, call it with a seed value
    // generated by a hardware RNG as well.
    if (random_seed_from_cloud) {
   b4a2c:	4b0b      	ldr	r3, [pc, #44]	; (b4a5c <module_user_init_hook+0x5c>)
   b4a2e:	b113      	cbz	r3, b4a36 <module_user_init_hook+0x36>
        random_seed_from_cloud(seed);
   b4a30:	4620      	mov	r0, r4
   b4a32:	f3af 8000 	nop.w
    }
#endif
    // Register the random_seed_from_cloud handler
    spark_set_random_seed_from_cloud_handler(&random_seed_from_cloud, nullptr);
   b4a36:	2100      	movs	r1, #0
   b4a38:	4808      	ldr	r0, [pc, #32]	; (b4a5c <module_user_init_hook+0x5c>)
   b4a3a:	f7ff fbed 	bl	b4218 <spark_set_random_seed_from_cloud_handler>

    // Register application handler for the control requests
    system_ctrl_set_app_request_handler(ctrl_request_handler, nullptr);
}
   b4a3e:	e8bd 4010 	ldmia.w	sp!, {r4, lr}
    system_ctrl_set_app_request_handler(ctrl_request_handler, nullptr);
   b4a42:	4807      	ldr	r0, [pc, #28]	; (b4a60 <module_user_init_hook+0x60>)
   b4a44:	2100      	movs	r1, #0
   b4a46:	f7ff bbd3 	b.w	b41f0 <system_ctrl_set_app_request_handler>
   b4a4a:	bf00      	nop
   b4a4c:	000b492d 	.word	0x000b492d
   b4a50:	2003f400 	.word	0x2003f400
   b4a54:	9a271c1e 	.word	0x9a271c1e
   b4a58:	2003e738 	.word	0x2003e738
   b4a5c:	00000000 	.word	0x00000000
   b4a60:	000b49c9 	.word	0x000b49c9

000b4a64 <__tcf_0>:
}
#endif

USARTSerial& __fetch_global_Serial1()
{
    static USARTSerial serial1(HAL_USART_SERIAL1, acquireSerial1Buffer());
   b4a64:	4770      	bx	lr
	...

000b4a68 <_Z20acquireSerial1Bufferv>:
{
   b4a68:	b538      	push	{r3, r4, r5, lr}
   b4a6a:	4604      	mov	r4, r0
    hal_usart_buffer_config_t config = {
   b4a6c:	2514      	movs	r5, #20
   b4a6e:	462a      	mov	r2, r5
   b4a70:	2100      	movs	r1, #0
   b4a72:	f000 f84d 	bl	b4b10 <memset>
   b4a76:	8025      	strh	r5, [r4, #0]
   b4a78:	2540      	movs	r5, #64	; 0x40
        .rx_buffer = new (std::nothrow) uint8_t[bufferSize],
   b4a7a:	4907      	ldr	r1, [pc, #28]	; (b4a98 <_Z20acquireSerial1Bufferv+0x30>)
    hal_usart_buffer_config_t config = {
   b4a7c:	8125      	strh	r5, [r4, #8]
        .rx_buffer = new (std::nothrow) uint8_t[bufferSize],
   b4a7e:	4628      	mov	r0, r5
    hal_usart_buffer_config_t config = {
   b4a80:	8225      	strh	r5, [r4, #16]
        .rx_buffer = new (std::nothrow) uint8_t[bufferSize],
   b4a82:	f000 f82f 	bl	b4ae4 <_ZnajRKSt9nothrow_t>
        .tx_buffer = new (std::nothrow) uint8_t[bufferSize],
   b4a86:	4904      	ldr	r1, [pc, #16]	; (b4a98 <_Z20acquireSerial1Bufferv+0x30>)
    };
   b4a88:	6060      	str	r0, [r4, #4]
        .tx_buffer = new (std::nothrow) uint8_t[bufferSize],
   b4a8a:	4628      	mov	r0, r5
   b4a8c:	f000 f82a 	bl	b4ae4 <_ZnajRKSt9nothrow_t>
    };
   b4a90:	60e0      	str	r0, [r4, #12]
}
   b4a92:	4620      	mov	r0, r4
   b4a94:	bd38      	pop	{r3, r4, r5, pc}
   b4a96:	bf00      	nop
   b4a98:	000b4db4 	.word	0x000b4db4

000b4a9c <_Z22__fetch_global_Serial1v>:
{
   b4a9c:	b530      	push	{r4, r5, lr}
    static USARTSerial serial1(HAL_USART_SERIAL1, acquireSerial1Buffer());
   b4a9e:	4d0e      	ldr	r5, [pc, #56]	; (b4ad8 <_Z22__fetch_global_Serial1v+0x3c>)
   b4aa0:	7829      	ldrb	r1, [r5, #0]
   b4aa2:	f3bf 8f5b 	dmb	ish
   b4aa6:	f011 0401 	ands.w	r4, r1, #1
{
   b4aaa:	b087      	sub	sp, #28
    static USARTSerial serial1(HAL_USART_SERIAL1, acquireSerial1Buffer());
   b4aac:	d111      	bne.n	b4ad2 <_Z22__fetch_global_Serial1v+0x36>
   b4aae:	4628      	mov	r0, r5
   b4ab0:	f7ff faf3 	bl	b409a <__cxa_guard_acquire>
   b4ab4:	b168      	cbz	r0, b4ad2 <_Z22__fetch_global_Serial1v+0x36>
   b4ab6:	a801      	add	r0, sp, #4
   b4ab8:	f7ff ffd6 	bl	b4a68 <_Z20acquireSerial1Bufferv>
   b4abc:	aa01      	add	r2, sp, #4
   b4abe:	4621      	mov	r1, r4
   b4ac0:	4806      	ldr	r0, [pc, #24]	; (b4adc <_Z22__fetch_global_Serial1v+0x40>)
   b4ac2:	f7ff fe9f 	bl	b4804 <_ZN11USARTSerialC1E21hal_usart_interface_tRK25hal_usart_buffer_config_t>
   b4ac6:	4806      	ldr	r0, [pc, #24]	; (b4ae0 <_Z22__fetch_global_Serial1v+0x44>)
   b4ac8:	f000 f80e 	bl	b4ae8 <atexit>
   b4acc:	4628      	mov	r0, r5
   b4ace:	f7ff fae9 	bl	b40a4 <__cxa_guard_release>
    return serial1;
}
   b4ad2:	4802      	ldr	r0, [pc, #8]	; (b4adc <_Z22__fetch_global_Serial1v+0x40>)
   b4ad4:	b007      	add	sp, #28
   b4ad6:	bd30      	pop	{r4, r5, pc}
   b4ad8:	2003e744 	.word	0x2003e744
   b4adc:	2003e748 	.word	0x2003e748
   b4ae0:	000b4a65 	.word	0x000b4a65

000b4ae4 <_ZnajRKSt9nothrow_t>:
   b4ae4:	f7ff bad5 	b.w	b4092 <_Znaj>

000b4ae8 <atexit>:
   b4ae8:	2300      	movs	r3, #0
   b4aea:	4601      	mov	r1, r0
   b4aec:	461a      	mov	r2, r3
   b4aee:	4618      	mov	r0, r3
   b4af0:	f000 b84c 	b.w	b4b8c <__register_exitproc>

000b4af4 <memcpy>:
   b4af4:	440a      	add	r2, r1
   b4af6:	4291      	cmp	r1, r2
   b4af8:	f100 33ff 	add.w	r3, r0, #4294967295	; 0xffffffff
   b4afc:	d100      	bne.n	b4b00 <memcpy+0xc>
   b4afe:	4770      	bx	lr
   b4b00:	b510      	push	{r4, lr}
   b4b02:	f811 4b01 	ldrb.w	r4, [r1], #1
   b4b06:	f803 4f01 	strb.w	r4, [r3, #1]!
   b4b0a:	4291      	cmp	r1, r2
   b4b0c:	d1f9      	bne.n	b4b02 <memcpy+0xe>
   b4b0e:	bd10      	pop	{r4, pc}

000b4b10 <memset>:
   b4b10:	4402      	add	r2, r0
   b4b12:	4603      	mov	r3, r0
   b4b14:	4293      	cmp	r3, r2
   b4b16:	d100      	bne.n	b4b1a <memset+0xa>
   b4b18:	4770      	bx	lr
   b4b1a:	f803 1b01 	strb.w	r1, [r3], #1
   b4b1e:	e7f9      	b.n	b4b14 <memset+0x4>

000b4b20 <srand>:
   b4b20:	b538      	push	{r3, r4, r5, lr}
   b4b22:	4b10      	ldr	r3, [pc, #64]	; (b4b64 <srand+0x44>)
   b4b24:	681d      	ldr	r5, [r3, #0]
   b4b26:	6bab      	ldr	r3, [r5, #56]	; 0x38
   b4b28:	4604      	mov	r4, r0
   b4b2a:	b9b3      	cbnz	r3, b4b5a <srand+0x3a>
   b4b2c:	2018      	movs	r0, #24
   b4b2e:	f7ff fbdb 	bl	b42e8 <malloc>
   b4b32:	4602      	mov	r2, r0
   b4b34:	63a8      	str	r0, [r5, #56]	; 0x38
   b4b36:	b920      	cbnz	r0, b4b42 <srand+0x22>
   b4b38:	4b0b      	ldr	r3, [pc, #44]	; (b4b68 <srand+0x48>)
   b4b3a:	480c      	ldr	r0, [pc, #48]	; (b4b6c <srand+0x4c>)
   b4b3c:	2142      	movs	r1, #66	; 0x42
   b4b3e:	f7ff fbe3 	bl	b4308 <__assert_func>
   b4b42:	490b      	ldr	r1, [pc, #44]	; (b4b70 <srand+0x50>)
   b4b44:	4b0b      	ldr	r3, [pc, #44]	; (b4b74 <srand+0x54>)
   b4b46:	e9c0 1300 	strd	r1, r3, [r0]
   b4b4a:	4b0b      	ldr	r3, [pc, #44]	; (b4b78 <srand+0x58>)
   b4b4c:	6083      	str	r3, [r0, #8]
   b4b4e:	230b      	movs	r3, #11
   b4b50:	8183      	strh	r3, [r0, #12]
   b4b52:	2100      	movs	r1, #0
   b4b54:	2001      	movs	r0, #1
   b4b56:	e9c2 0104 	strd	r0, r1, [r2, #16]
   b4b5a:	6bab      	ldr	r3, [r5, #56]	; 0x38
   b4b5c:	2200      	movs	r2, #0
   b4b5e:	611c      	str	r4, [r3, #16]
   b4b60:	615a      	str	r2, [r3, #20]
   b4b62:	bd38      	pop	{r3, r4, r5, pc}
   b4b64:	2003e64c 	.word	0x2003e64c
   b4b68:	000b4db5 	.word	0x000b4db5
   b4b6c:	000b4dcc 	.word	0x000b4dcc
   b4b70:	abcd330e 	.word	0xabcd330e
   b4b74:	e66d1234 	.word	0xe66d1234
   b4b78:	0005deec 	.word	0x0005deec

000b4b7c <strlen>:
   b4b7c:	4603      	mov	r3, r0
   b4b7e:	f813 2b01 	ldrb.w	r2, [r3], #1
   b4b82:	2a00      	cmp	r2, #0
   b4b84:	d1fb      	bne.n	b4b7e <strlen+0x2>
   b4b86:	1a18      	subs	r0, r3, r0
   b4b88:	3801      	subs	r0, #1
   b4b8a:	4770      	bx	lr

000b4b8c <__register_exitproc>:
   b4b8c:	e92d 43f8 	stmdb	sp!, {r3, r4, r5, r6, r7, r8, r9, lr}
   b4b90:	f8df 80b8 	ldr.w	r8, [pc, #184]	; b4c4c <__register_exitproc+0xc0>
   b4b94:	4606      	mov	r6, r0
   b4b96:	f8d8 0000 	ldr.w	r0, [r8]
   b4b9a:	461f      	mov	r7, r3
   b4b9c:	460d      	mov	r5, r1
   b4b9e:	4691      	mov	r9, r2
   b4ba0:	f000 f856 	bl	b4c50 <__retarget_lock_acquire_recursive>
   b4ba4:	4b25      	ldr	r3, [pc, #148]	; (b4c3c <__register_exitproc+0xb0>)
   b4ba6:	681c      	ldr	r4, [r3, #0]
   b4ba8:	b934      	cbnz	r4, b4bb8 <__register_exitproc+0x2c>
   b4baa:	4c25      	ldr	r4, [pc, #148]	; (b4c40 <__register_exitproc+0xb4>)
   b4bac:	601c      	str	r4, [r3, #0]
   b4bae:	4b25      	ldr	r3, [pc, #148]	; (b4c44 <__register_exitproc+0xb8>)
   b4bb0:	b113      	cbz	r3, b4bb8 <__register_exitproc+0x2c>
   b4bb2:	681b      	ldr	r3, [r3, #0]
   b4bb4:	f8c4 3088 	str.w	r3, [r4, #136]	; 0x88
   b4bb8:	6863      	ldr	r3, [r4, #4]
   b4bba:	2b1f      	cmp	r3, #31
   b4bbc:	dd07      	ble.n	b4bce <__register_exitproc+0x42>
   b4bbe:	f8d8 0000 	ldr.w	r0, [r8]
   b4bc2:	f000 f847 	bl	b4c54 <__retarget_lock_release_recursive>
   b4bc6:	f04f 30ff 	mov.w	r0, #4294967295	; 0xffffffff
   b4bca:	e8bd 83f8 	ldmia.w	sp!, {r3, r4, r5, r6, r7, r8, r9, pc}
   b4bce:	b34e      	cbz	r6, b4c24 <__register_exitproc+0x98>
   b4bd0:	f8d4 0088 	ldr.w	r0, [r4, #136]	; 0x88
   b4bd4:	b988      	cbnz	r0, b4bfa <__register_exitproc+0x6e>
   b4bd6:	4b1c      	ldr	r3, [pc, #112]	; (b4c48 <__register_exitproc+0xbc>)
   b4bd8:	b923      	cbnz	r3, b4be4 <__register_exitproc+0x58>
   b4bda:	f8d8 0000 	ldr.w	r0, [r8]
   b4bde:	f000 f838 	bl	b4c52 <__retarget_lock_release>
   b4be2:	e7f0      	b.n	b4bc6 <__register_exitproc+0x3a>
   b4be4:	f44f 7084 	mov.w	r0, #264	; 0x108
   b4be8:	f7ff fb7e 	bl	b42e8 <malloc>
   b4bec:	2800      	cmp	r0, #0
   b4bee:	d0f4      	beq.n	b4bda <__register_exitproc+0x4e>
   b4bf0:	2300      	movs	r3, #0
   b4bf2:	e9c0 3340 	strd	r3, r3, [r0, #256]	; 0x100
   b4bf6:	f8c4 0088 	str.w	r0, [r4, #136]	; 0x88
   b4bfa:	6863      	ldr	r3, [r4, #4]
   b4bfc:	f840 9023 	str.w	r9, [r0, r3, lsl #2]
   b4c00:	2201      	movs	r2, #1
   b4c02:	409a      	lsls	r2, r3
   b4c04:	eb00 0183 	add.w	r1, r0, r3, lsl #2
   b4c08:	f8d0 3100 	ldr.w	r3, [r0, #256]	; 0x100
   b4c0c:	4313      	orrs	r3, r2
   b4c0e:	f8c0 3100 	str.w	r3, [r0, #256]	; 0x100
   b4c12:	2e02      	cmp	r6, #2
   b4c14:	f8c1 7080 	str.w	r7, [r1, #128]	; 0x80
   b4c18:	bf02      	ittt	eq
   b4c1a:	f8d0 3104 	ldreq.w	r3, [r0, #260]	; 0x104
   b4c1e:	4313      	orreq	r3, r2
   b4c20:	f8c0 3104 	streq.w	r3, [r0, #260]	; 0x104
   b4c24:	6863      	ldr	r3, [r4, #4]
   b4c26:	f8d8 0000 	ldr.w	r0, [r8]
   b4c2a:	1c5a      	adds	r2, r3, #1
   b4c2c:	3302      	adds	r3, #2
   b4c2e:	6062      	str	r2, [r4, #4]
   b4c30:	f844 5023 	str.w	r5, [r4, r3, lsl #2]
   b4c34:	f000 f80e 	bl	b4c54 <__retarget_lock_release_recursive>
   b4c38:	2000      	movs	r0, #0
   b4c3a:	e7c6      	b.n	b4bca <__register_exitproc+0x3e>
   b4c3c:	2003e7e8 	.word	0x2003e7e8
   b4c40:	2003e75c 	.word	0x2003e75c
   b4c44:	00000000 	.word	0x00000000
   b4c48:	000b42e9 	.word	0x000b42e9
   b4c4c:	2003e6b0 	.word	0x2003e6b0

000b4c50 <__retarget_lock_acquire_recursive>:
   b4c50:	4770      	bx	lr

000b4c52 <__retarget_lock_release>:
   b4c52:	4770      	bx	lr

000b4c54 <__retarget_lock_release_recursive>:
   b4c54:	4770      	bx	lr

000b4c56 <link_code_end>:
	...

000b4c58 <dynalib_user>:
   b4c58:	401d 000b 4059 000b 4081 000b 4085 000b     .@..Y@...@...@..
   b4c68:	0000 0000                                   ....

000b4c6c <_ZTVN5spark13CellularClassE>:
	...
   b4c74:	4397 000b 438d 000b 4383 000b 4339 000b     .C...C...C..9C..
   b4c84:	4377 000b 436b 000b 458d 000b 4595 000b     wC..kC...E...E..
   b4c94:	435f 000b 4357 000b 434d 000b 4343 000b     _C..WC..MC..CC..
   b4ca4:	45c5 000b                                   .E..

000b4ca8 <_ZTVN5spark13EthernetClassE>:
	...
   b4cb0:	442f 000b 4425 000b 441b 000b 4411 000b     /D..%D...D...D..
   b4cc0:	4405 000b 43f9 000b 458d 000b 4595 000b     .D...C...E...E..
   b4cd0:	43ed 000b 43e5 000b 43db 000b 43d1 000b     .C...C...C...C..
   b4ce0:	45c5 000b                                   .E..

000b4ce4 <_ZTV9IPAddress>:
	...
   b4cec:	445d 000b 444d 000b 444f 000b 7061 0070     ]D..MD..OD..app.

000b4cfc <_ZTVN5spark12NetworkClassE>:
	...
   b4d04:	454d 000b 4557 000b 4561 000b 456b 000b     ME..WE..aE..kE..
   b4d14:	4575 000b 4581 000b 458d 000b 4595 000b     uE...E...E...E..
   b4d24:	459d 000b 45a9 000b 45b1 000b 45bb 000b     .E...E...E...E..
   b4d34:	45c5 000b 5925 252d 2d6d 6425 2554 3a48     .E..%Y-%m-%dT%H:
   b4d44:	4d25 253a 2553 007a 7361 7463 6d69 0065     %M:%S%z.asctime.

000b4d54 <_ZTV11USARTSerial>:
	...
   b4d5c:	4789 000b 47f5 000b 47cd 000b 46b1 000b     .G...G...G...F..
   b4d6c:	479d 000b 47b9 000b 47ab 000b 47c7 000b     .G...G...G...G..
   b4d7c:	478b 000b 478f 000b                         .G...G..

000b4d84 <_ZTV9USBSerial>:
	...
   b4d8c:	4833 000b 489b 000b 4871 000b 46b1 000b     3H...H..qH...F..
   b4d9c:	4863 000b 4835 000b 4845 000b 4895 000b     cH..5H..EH...H..
   b4dac:	4855 000b 482d 000b                         UH..-H..

000b4db4 <_ZSt7nothrow>:
   b4db4:	5200 4545 544e 6d20 6c61 6f6c 2063 7573     .REENT malloc su
   b4dc4:	6363 6565 6564 0064 742f 706d 6a2f 6e65     cceeded./tmp/jen
   b4dd4:	696b 736e 472d 4343 312d 2d30 6970 6570     kins-GCC-10-pipe
   b4de4:	696c 656e 322d 3935 325f 3230 3031 3237     line-259_2021072
   b4df4:	5f37 3631 3732 3433 3035 3430 732f 6372     7_1627345004/src
   b4e04:	6e2f 7765 696c 2f62 656e 6c77 6269 6c2f     /newlib/newlib/l
   b4e14:	6269 2f63 7473 6c64 6269 722f 6e61 2e64     ibc/stdlib/rand.
   b4e24:	0063                                        c.

000b4e26 <link_const_variable_data_end>:
	...

000b4e28 <link_constructors_location>:
   b4e28:	000b4329 	.word	0x000b4329
   b4e2c:	000b43a1 	.word	0x000b43a1
   b4e30:	000b4439 	.word	0x000b4439
   b4e34:	000b453d 	.word	0x000b453d
   b4e38:	000b469d 	.word	0x000b469d
   b4e3c:	000b4745 	.word	0x000b4745
   b4e40:	000b4751 	.word	0x000b4751
   b4e44:	000b4775 	.word	0x000b4775

000b4e48 <link_constructors_end>:
	...
